::1 - - [24/Jan/2022:19:14:58 +0000] "GET / HTTP/1.1" 200 19 "-" "Mozilla/5.0 (Windows NT 10.0; Win64; x64) AppleWebKit/537.36 (KHTML, like Gecko) Chrome/97.0.4692.99 Safari/537.36 Edg/97.0.1072.69"
::1 - - [24/Jan/2022:19:14:58 +0000] "GET /favicon.ico HTTP/1.1" 404 150 "http://localhost/" "Mozilla/5.0 (Windows NT 10.0; Win64; x64) AppleWebKit/537.36 (KHTML, like Gecko) Chrome/97.0.4692.99 Safari/537.36 Edg/97.0.1072.69"
::1 - - [24/Jan/2022:19:15:07 +0000] "GET /log HTTP/1.1" 404 142 "-" "Mozilla/5.0 (Windows NT 10.0; Win64; x64) AppleWebKit/537.36 (KHTML, like Gecko) Chrome/97.0.4692.99 Safari/537.36 Edg/97.0.1072.69"
::1 - - [24/Jan/2022:19:15:12 +0000] "GET /log/index.html HTTP/1.1" 200 664 "-" "Mozilla/5.0 (Windows NT 10.0; Win64; x64) AppleWebKit/537.36 (KHTML, like Gecko) Chrome/97.0.4692.99 Safari/537.36 Edg/97.0.1072.69"
::1 - - [24/Jan/2022:19:15:12 +0000] "GET /log/static/css/main.073c9b0a.css HTTP/1.1" 200 1044 "http://localhost/log/index.html" "Mozilla/5.0 (Windows NT 10.0; Win64; x64) AppleWebKit/537.36 (KHTML, like Gecko) Chrome/97.0.4692.99 Safari/537.36 Edg/97.0.1072.69"
::1 - - [24/Jan/2022:19:15:12 +0000] "GET /log/static/js/main.b0623a1f.js HTTP/1.1" 200 224543 "http://localhost/log/index.html" "Mozilla/5.0 (Windows NT 10.0; Win64; x64) AppleWebKit/537.36 (KHTML, like Gecko) Chrome/97.0.4692.99 Safari/537.36 Edg/97.0.1072.69"
::1 - - [24/Jan/2022:19:15:12 +0000] "GET /log/manifest.json HTTP/1.1" 200 492 "http://localhost/log/index.html" "Mozilla/5.0 (Windows NT 10.0; Win64; x64) AppleWebKit/537.36 (KHTML, like Gecko) Chrome/97.0.4692.99 Safari/537.36 Edg/97.0.1072.69"
::1 - - [24/Jan/2022:19:15:12 +0000] "GET /log/favicon.ico HTTP/1.1" 200 3870 "http://localhost/log/index.html" "Mozilla/5.0 (Windows NT 10.0; Win64; x64) AppleWebKit/537.36 (KHTML, like Gecko) Chrome/97.0.4692.99 Safari/537.36 Edg/97.0.1072.69"
::1 - - [24/Jan/2022:19:15:12 +0000] "GET /log/logo192.png HTTP/1.1" 200 5347 "http://localhost/log/index.html" "Mozilla/5.0 (Windows NT 10.0; Win64; x64) AppleWebKit/537.36 (KHTML, like Gecko) Chrome/97.0.4692.99 Safari/537.36 Edg/97.0.1072.69"
::1 - - [24/Jan/2022:19:15:15 +0000] "GET /log/index.html HTTP/1.1" 304 - "-" "Mozilla/5.0 (Windows NT 10.0; Win64; x64) AppleWebKit/537.36 (KHTML, like Gecko) Chrome/97.0.4692.99 Safari/537.36 Edg/97.0.1072.69"
::1 - - [24/Jan/2022:19:15:15 +0000] "GET /log/static/css/main.073c9b0a.css HTTP/1.1" 304 - "http://localhost/log/index.html" "Mozilla/5.0 (Windows NT 10.0; Win64; x64) AppleWebKit/537.36 (KHTML, like Gecko) Chrome/97.0.4692.99 Safari/537.36 Edg/97.0.1072.69"
::1 - - [24/Jan/2022:19:15:15 +0000] "GET /log/static/js/main.b0623a1f.js HTTP/1.1" 304 - "http://localhost/log/index.html" "Mozilla/5.0 (Windows NT 10.0; Win64; x64) AppleWebKit/537.36 (KHTML, like Gecko) Chrome/97.0.4692.99 Safari/537.36 Edg/97.0.1072.69"
::1 - - [24/Jan/2022:19:15:15 +0000] "GET /log/manifest.json HTTP/1.1" 304 - "http://localhost/log/index.html" "Mozilla/5.0 (Windows NT 10.0; Win64; x64) AppleWebKit/537.36 (KHTML, like Gecko) Chrome/97.0.4692.99 Safari/537.36 Edg/97.0.1072.69"
::1 - - [24/Jan/2022:19:15:15 +0000] "GET /log/favicon.ico HTTP/1.1" 304 - "http://localhost/log/index.html" "Mozilla/5.0 (Windows NT 10.0; Win64; x64) AppleWebKit/537.36 (KHTML, like Gecko) Chrome/97.0.4692.99 Safari/537.36 Edg/97.0.1072.69"
::1 - - [24/Jan/2022:19:15:15 +0000] "GET /log/logo192.png HTTP/1.1" 304 - "http://localhost/log/index.html" "Mozilla/5.0 (Windows NT 10.0; Win64; x64) AppleWebKit/537.36 (KHTML, like Gecko) Chrome/97.0.4692.99 Safari/537.36 Edg/97.0.1072.69"
::1 - - [24/Jan/2022:19:17:06 +0000] "GET /log/index.html HTTP/1.1" 304 - "-" "Mozilla/5.0 (Windows NT 10.0; Win64; x64) AppleWebKit/537.36 (KHTML, like Gecko) Chrome/97.0.4692.99 Safari/537.36 Edg/97.0.1072.69"
::1 - - [24/Jan/2022:19:17:07 +0000] "GET /log/static/js/main.b0623a1f.js HTTP/1.1" 304 - "http://localhost/log/index.html" "Mozilla/5.0 (Windows NT 10.0; Win64; x64) AppleWebKit/537.36 (KHTML, like Gecko) Chrome/97.0.4692.99 Safari/537.36 Edg/97.0.1072.69"
::1 - - [24/Jan/2022:19:17:07 +0000] "GET /log/static/css/main.073c9b0a.css HTTP/1.1" 304 - "http://localhost/log/index.html" "Mozilla/5.0 (Windows NT 10.0; Win64; x64) AppleWebKit/537.36 (KHTML, like Gecko) Chrome/97.0.4692.99 Safari/537.36 Edg/97.0.1072.69"
::1 - - [24/Jan/2022:19:17:07 +0000] "GET /log/manifest.json HTTP/1.1" 304 - "http://localhost/log/index.html" "Mozilla/5.0 (Windows NT 10.0; Win64; x64) AppleWebKit/537.36 (KHTML, like Gecko) Chrome/97.0.4692.99 Safari/537.36 Edg/97.0.1072.69"
::1 - - [24/Jan/2022:19:17:07 +0000] "GET /log/favicon.ico HTTP/1.1" 304 - "http://localhost/log/index.html" "Mozilla/5.0 (Windows NT 10.0; Win64; x64) AppleWebKit/537.36 (KHTML, like Gecko) Chrome/97.0.4692.99 Safari/537.36 Edg/97.0.1072.69"
::1 - - [24/Jan/2022:19:17:07 +0000] "GET /log/logo192.png HTTP/1.1" 304 - "http://localhost/log/index.html" "Mozilla/5.0 (Windows NT 10.0; Win64; x64) AppleWebKit/537.36 (KHTML, like Gecko) Chrome/97.0.4692.99 Safari/537.36 Edg/97.0.1072.69"
::1 - - [24/Jan/2022:19:17:07 +0000] "GET /log/index.html HTTP/1.1" 304 - "-" "Mozilla/5.0 (Windows NT 10.0; Win64; x64) AppleWebKit/537.36 (KHTML, like Gecko) Chrome/97.0.4692.99 Safari/537.36 Edg/97.0.1072.69"
::1 - - [24/Jan/2022:19:17:07 +0000] "GET /log/static/js/main.b0623a1f.js HTTP/1.1" 304 - "http://localhost/log/index.html" "Mozilla/5.0 (Windows NT 10.0; Win64; x64) AppleWebKit/537.36 (KHTML, like Gecko) Chrome/97.0.4692.99 Safari/537.36 Edg/97.0.1072.69"
::1 - - [24/Jan/2022:19:17:07 +0000] "GET /log/static/css/main.073c9b0a.css HTTP/1.1" 304 - "http://localhost/log/index.html" "Mozilla/5.0 (Windows NT 10.0; Win64; x64) AppleWebKit/537.36 (KHTML, like Gecko) Chrome/97.0.4692.99 Safari/537.36 Edg/97.0.1072.69"
::1 - - [24/Jan/2022:19:17:07 +0000] "GET /log/favicon.ico HTTP/1.1" 304 - "http://localhost/log/index.html" "Mozilla/5.0 (Windows NT 10.0; Win64; x64) AppleWebKit/537.36 (KHTML, like Gecko) Chrome/97.0.4692.99 Safari/537.36 Edg/97.0.1072.69"
::1 - - [24/Jan/2022:19:17:07 +0000] "GET /log/manifest.json HTTP/1.1" 304 - "http://localhost/log/index.html" "Mozilla/5.0 (Windows NT 10.0; Win64; x64) AppleWebKit/537.36 (KHTML, like Gecko) Chrome/97.0.4692.99 Safari/537.36 Edg/97.0.1072.69"
::1 - - [24/Jan/2022:19:17:07 +0000] "GET /log/logo192.png HTTP/1.1" 304 - "http://localhost/log/index.html" "Mozilla/5.0 (Windows NT 10.0; Win64; x64) AppleWebKit/537.36 (KHTML, like Gecko) Chrome/97.0.4692.99 Safari/537.36 Edg/97.0.1072.69"
::1 - - [24/Jan/2022:19:17:08 +0000] "GET /log/index.html HTTP/1.1" 304 - "-" "Mozilla/5.0 (Windows NT 10.0; Win64; x64) AppleWebKit/537.36 (KHTML, like Gecko) Chrome/97.0.4692.99 Safari/537.36 Edg/97.0.1072.69"
::1 - - [24/Jan/2022:19:17:08 +0000] "GET /log/static/js/main.b0623a1f.js HTTP/1.1" 304 - "http://localhost/log/index.html" "Mozilla/5.0 (Windows NT 10.0; Win64; x64) AppleWebKit/537.36 (KHTML, like Gecko) Chrome/97.0.4692.99 Safari/537.36 Edg/97.0.1072.69"
::1 - - [24/Jan/2022:19:17:08 +0000] "GET /log/static/css/main.073c9b0a.css HTTP/1.1" 304 - "http://localhost/log/index.html" "Mozilla/5.0 (Windows NT 10.0; Win64; x64) AppleWebKit/537.36 (KHTML, like Gecko) Chrome/97.0.4692.99 Safari/537.36 Edg/97.0.1072.69"
::1 - - [24/Jan/2022:19:17:08 +0000] "GET /log/manifest.json HTTP/1.1" 304 - "http://localhost/log/index.html" "Mozilla/5.0 (Windows NT 10.0; Win64; x64) AppleWebKit/537.36 (KHTML, like Gecko) Chrome/97.0.4692.99 Safari/537.36 Edg/97.0.1072.69"
::1 - - [24/Jan/2022:19:17:08 +0000] "GET /log/favicon.ico HTTP/1.1" 304 - "http://localhost/log/index.html" "Mozilla/5.0 (Windows NT 10.0; Win64; x64) AppleWebKit/537.36 (KHTML, like Gecko) Chrome/97.0.4692.99 Safari/537.36 Edg/97.0.1072.69"
::1 - - [24/Jan/2022:19:17:08 +0000] "GET /log/logo192.png HTTP/1.1" 304 - "http://localhost/log/index.html" "Mozilla/5.0 (Windows NT 10.0; Win64; x64) AppleWebKit/537.36 (KHTML, like Gecko) Chrome/97.0.4692.99 Safari/537.36 Edg/97.0.1072.69"
::1 - - [24/Jan/2022:19:17:09 +0000] "GET /log/index.html HTTP/1.1" 304 - "-" "Mozilla/5.0 (Windows NT 10.0; Win64; x64) AppleWebKit/537.36 (KHTML, like Gecko) Chrome/97.0.4692.99 Safari/537.36 Edg/97.0.1072.69"
::1 - - [24/Jan/2022:19:17:09 +0000] "GET /log/static/js/main.b0623a1f.js HTTP/1.1" 304 - "http://localhost/log/index.html" "Mozilla/5.0 (Windows NT 10.0; Win64; x64) AppleWebKit/537.36 (KHTML, like Gecko) Chrome/97.0.4692.99 Safari/537.36 Edg/97.0.1072.69"
::1 - - [24/Jan/2022:19:17:09 +0000] "GET /log/static/css/main.073c9b0a.css HTTP/1.1" 304 - "http://localhost/log/index.html" "Mozilla/5.0 (Windows NT 10.0; Win64; x64) AppleWebKit/537.36 (KHTML, like Gecko) Chrome/97.0.4692.99 Safari/537.36 Edg/97.0.1072.69"
::1 - - [24/Jan/2022:19:17:09 +0000] "GET /log/favicon.ico HTTP/1.1" 304 - "http://localhost/log/index.html" "Mozilla/5.0 (Windows NT 10.0; Win64; x64) AppleWebKit/537.36 (KHTML, like Gecko) Chrome/97.0.4692.99 Safari/537.36 Edg/97.0.1072.69"
::1 - - [24/Jan/2022:19:17:09 +0000] "GET /log/manifest.json HTTP/1.1" 304 - "http://localhost/log/index.html" "Mozilla/5.0 (Windows NT 10.0; Win64; x64) AppleWebKit/537.36 (KHTML, like Gecko) Chrome/97.0.4692.99 Safari/537.36 Edg/97.0.1072.69"
::1 - - [24/Jan/2022:19:17:09 +0000] "GET /log/logo192.png HTTP/1.1" 304 - "http://localhost/log/index.html" "Mozilla/5.0 (Windows NT 10.0; Win64; x64) AppleWebKit/537.36 (KHTML, like Gecko) Chrome/97.0.4692.99 Safari/537.36 Edg/97.0.1072.69"
::1 - - [24/Jan/2022:19:17:10 +0000] "GET /log/index.html HTTP/1.1" 304 - "-" "Mozilla/5.0 (Windows NT 10.0; Win64; x64) AppleWebKit/537.36 (KHTML, like Gecko) Chrome/97.0.4692.99 Safari/537.36 Edg/97.0.1072.69"
::1 - - [24/Jan/2022:19:17:10 +0000] "GET /log/static/js/main.b0623a1f.js HTTP/1.1" 304 - "http://localhost/log/index.html" "Mozilla/5.0 (Windows NT 10.0; Win64; x64) AppleWebKit/537.36 (KHTML, like Gecko) Chrome/97.0.4692.99 Safari/537.36 Edg/97.0.1072.69"
::1 - - [24/Jan/2022:19:17:10 +0000] "GET /log/static/css/main.073c9b0a.css HTTP/1.1" 304 - "http://localhost/log/index.html" "Mozilla/5.0 (Windows NT 10.0; Win64; x64) AppleWebKit/537.36 (KHTML, like Gecko) Chrome/97.0.4692.99 Safari/537.36 Edg/97.0.1072.69"
::1 - - [24/Jan/2022:19:17:10 +0000] "GET /log/manifest.json HTTP/1.1" 304 - "http://localhost/log/index.html" "Mozilla/5.0 (Windows NT 10.0; Win64; x64) AppleWebKit/537.36 (KHTML, like Gecko) Chrome/97.0.4692.99 Safari/537.36 Edg/97.0.1072.69"
::1 - - [24/Jan/2022:19:17:10 +0000] "GET /log/favicon.ico HTTP/1.1" 304 - "http://localhost/log/index.html" "Mozilla/5.0 (Windows NT 10.0; Win64; x64) AppleWebKit/537.36 (KHTML, like Gecko) Chrome/97.0.4692.99 Safari/537.36 Edg/97.0.1072.69"
::1 - - [24/Jan/2022:19:17:10 +0000] "GET /log/logo192.png HTTP/1.1" 304 - "http://localhost/log/index.html" "Mozilla/5.0 (Windows NT 10.0; Win64; x64) AppleWebKit/537.36 (KHTML, like Gecko) Chrome/97.0.4692.99 Safari/537.36 Edg/97.0.1072.69"
::1 - - [24/Jan/2022:19:17:11 +0000] "GET /log/index.html HTTP/1.1" 304 - "-" "Mozilla/5.0 (Windows NT 10.0; Win64; x64) AppleWebKit/537.36 (KHTML, like Gecko) Chrome/97.0.4692.99 Safari/537.36 Edg/97.0.1072.69"
::1 - - [24/Jan/2022:19:17:11 +0000] "GET /log/static/js/main.b0623a1f.js HTTP/1.1" 304 - "http://localhost/log/index.html" "Mozilla/5.0 (Windows NT 10.0; Win64; x64) AppleWebKit/537.36 (KHTML, like Gecko) Chrome/97.0.4692.99 Safari/537.36 Edg/97.0.1072.69"
::1 - - [24/Jan/2022:19:17:11 +0000] "GET /log/static/css/main.073c9b0a.css HTTP/1.1" 304 - "http://localhost/log/index.html" "Mozilla/5.0 (Windows NT 10.0; Win64; x64) AppleWebKit/537.36 (KHTML, like Gecko) Chrome/97.0.4692.99 Safari/537.36 Edg/97.0.1072.69"
::1 - - [24/Jan/2022:19:17:11 +0000] "GET /log/manifest.json HTTP/1.1" 304 - "http://localhost/log/index.html" "Mozilla/5.0 (Windows NT 10.0; Win64; x64) AppleWebKit/537.36 (KHTML, like Gecko) Chrome/97.0.4692.99 Safari/537.36 Edg/97.0.1072.69"
::1 - - [24/Jan/2022:19:17:11 +0000] "GET /log/favicon.ico HTTP/1.1" 304 - "http://localhost/log/index.html" "Mozilla/5.0 (Windows NT 10.0; Win64; x64) AppleWebKit/537.36 (KHTML, like Gecko) Chrome/97.0.4692.99 Safari/537.36 Edg/97.0.1072.69"
::1 - - [24/Jan/2022:19:17:11 +0000] "GET /log/logo192.png HTTP/1.1" 304 - "http://localhost/log/index.html" "Mozilla/5.0 (Windows NT 10.0; Win64; x64) AppleWebKit/537.36 (KHTML, like Gecko) Chrome/97.0.4692.99 Safari/537.36 Edg/97.0.1072.69"
::ffff:127.0.0.1 - - [25/Jan/2022:00:41:26 +0000] "GET /post HTTP/1.1" 200 4141 "-" "PostmanRuntime/7.28.4"
::ffff:127.0.0.1 - - [25/Jan/2022:00:44:12 +0000] "GET /post HTTP/1.1" 200 4141 "-" "PostmanRuntime/7.28.4"
::1 - - [25/Jan/2022:00:59:48 +0000] "GET /log/index.html HTTP/1.1" 304 - "-" "Mozilla/5.0 (Windows NT 10.0; Win64; x64) AppleWebKit/537.36 (KHTML, like Gecko) Chrome/97.0.4692.99 Safari/537.36 Edg/97.0.1072.69"
::1 - - [25/Jan/2022:00:59:48 +0000] "GET /log/static/js/main.b0623a1f.js HTTP/1.1" 304 - "http://localhost/log/index.html" "Mozilla/5.0 (Windows NT 10.0; Win64; x64) AppleWebKit/537.36 (KHTML, like Gecko) Chrome/97.0.4692.99 Safari/537.36 Edg/97.0.1072.69"
::1 - - [25/Jan/2022:00:59:48 +0000] "GET /log/static/css/main.073c9b0a.css HTTP/1.1" 304 - "http://localhost/log/index.html" "Mozilla/5.0 (Windows NT 10.0; Win64; x64) AppleWebKit/537.36 (KHTML, like Gecko) Chrome/97.0.4692.99 Safari/537.36 Edg/97.0.1072.69"
::1 - - [25/Jan/2022:00:59:48 +0000] "GET /log/manifest.json HTTP/1.1" 304 - "http://localhost/log/index.html" "Mozilla/5.0 (Windows NT 10.0; Win64; x64) AppleWebKit/537.36 (KHTML, like Gecko) Chrome/97.0.4692.99 Safari/537.36 Edg/97.0.1072.69"
::1 - - [25/Jan/2022:00:59:48 +0000] "GET /log/favicon.ico HTTP/1.1" 304 - "http://localhost/log/index.html" "Mozilla/5.0 (Windows NT 10.0; Win64; x64) AppleWebKit/537.36 (KHTML, like Gecko) Chrome/97.0.4692.99 Safari/537.36 Edg/97.0.1072.69"
::1 - - [25/Jan/2022:00:59:48 +0000] "GET /log/logo192.png HTTP/1.1" 304 - "http://localhost/log/index.html" "Mozilla/5.0 (Windows NT 10.0; Win64; x64) AppleWebKit/537.36 (KHTML, like Gecko) Chrome/97.0.4692.99 Safari/537.36 Edg/97.0.1072.69"
::1 - - [25/Jan/2022:00:59:49 +0000] "GET /log/index.html HTTP/1.1" 304 - "-" "Mozilla/5.0 (Windows NT 10.0; Win64; x64) AppleWebKit/537.36 (KHTML, like Gecko) Chrome/97.0.4692.99 Safari/537.36 Edg/97.0.1072.69"
::1 - - [25/Jan/2022:00:59:49 +0000] "GET /log/static/js/main.b0623a1f.js HTTP/1.1" 304 - "http://localhost/log/index.html" "Mozilla/5.0 (Windows NT 10.0; Win64; x64) AppleWebKit/537.36 (KHTML, like Gecko) Chrome/97.0.4692.99 Safari/537.36 Edg/97.0.1072.69"
::1 - - [25/Jan/2022:00:59:49 +0000] "GET /log/static/css/main.073c9b0a.css HTTP/1.1" 304 - "http://localhost/log/index.html" "Mozilla/5.0 (Windows NT 10.0; Win64; x64) AppleWebKit/537.36 (KHTML, like Gecko) Chrome/97.0.4692.99 Safari/537.36 Edg/97.0.1072.69"
::1 - - [25/Jan/2022:00:59:49 +0000] "GET /log/manifest.json HTTP/1.1" 304 - "http://localhost/log/index.html" "Mozilla/5.0 (Windows NT 10.0; Win64; x64) AppleWebKit/537.36 (KHTML, like Gecko) Chrome/97.0.4692.99 Safari/537.36 Edg/97.0.1072.69"
::1 - - [25/Jan/2022:00:59:49 +0000] "GET /log/favicon.ico HTTP/1.1" 304 - "http://localhost/log/index.html" "Mozilla/5.0 (Windows NT 10.0; Win64; x64) AppleWebKit/537.36 (KHTML, like Gecko) Chrome/97.0.4692.99 Safari/537.36 Edg/97.0.1072.69"
::1 - - [25/Jan/2022:00:59:49 +0000] "GET /log/logo192.png HTTP/1.1" 304 - "http://localhost/log/index.html" "Mozilla/5.0 (Windows NT 10.0; Win64; x64) AppleWebKit/537.36 (KHTML, like Gecko) Chrome/97.0.4692.99 Safari/537.36 Edg/97.0.1072.69"
::1 - - [25/Jan/2022:01:13:25 +0000] "GET /log HTTP/1.1" 404 142 "-" "Mozilla/5.0 (Windows NT 10.0; Win64; x64) AppleWebKit/537.36 (KHTML, like Gecko) Chrome/97.0.4692.99 Safari/537.36 Edg/97.0.1072.69"
::1 - - [25/Jan/2022:01:13:48 +0000] "GET /log HTTP/1.1" 302 132 "-" "Mozilla/5.0 (Windows NT 10.0; Win64; x64) AppleWebKit/537.36 (KHTML, like Gecko) Chrome/97.0.4692.99 Safari/537.36 Edg/97.0.1072.69"
::1 - - [25/Jan/2022:01:28:45 +0000] "GET /log/index.html HTTP/1.1" 200 664 "-" "Mozilla/5.0 (Windows NT 10.0; Win64; x64) AppleWebKit/537.36 (KHTML, like Gecko) Chrome/97.0.4692.99 Safari/537.36 Edg/97.0.1072.69"
::1 - - [25/Jan/2022:01:28:45 +0000] "GET /log/static/css/main.073c9b0a.css HTTP/1.1" 200 1044 "http://localhost/log/index.html" "Mozilla/5.0 (Windows NT 10.0; Win64; x64) AppleWebKit/537.36 (KHTML, like Gecko) Chrome/97.0.4692.99 Safari/537.36 Edg/97.0.1072.69"
::1 - - [25/Jan/2022:01:28:45 +0000] "GET /log/static/js/main.f11b3f89.js HTTP/1.1" 200 224539 "http://localhost/log/index.html" "Mozilla/5.0 (Windows NT 10.0; Win64; x64) AppleWebKit/537.36 (KHTML, like Gecko) Chrome/97.0.4692.99 Safari/537.36 Edg/97.0.1072.69"
::1 - - [25/Jan/2022:01:28:45 +0000] "GET /log/manifest.json HTTP/1.1" 304 - "http://localhost/log/index.html" "Mozilla/5.0 (Windows NT 10.0; Win64; x64) AppleWebKit/537.36 (KHTML, like Gecko) Chrome/97.0.4692.99 Safari/537.36 Edg/97.0.1072.69"
::1 - - [25/Jan/2022:01:28:45 +0000] "GET /log/favicon.ico HTTP/1.1" 304 - "http://localhost/log/index.html" "Mozilla/5.0 (Windows NT 10.0; Win64; x64) AppleWebKit/537.36 (KHTML, like Gecko) Chrome/97.0.4692.99 Safari/537.36 Edg/97.0.1072.69"
::1 - - [25/Jan/2022:01:28:45 +0000] "GET /log/logo192.png HTTP/1.1" 304 - "http://localhost/log/index.html" "Mozilla/5.0 (Windows NT 10.0; Win64; x64) AppleWebKit/537.36 (KHTML, like Gecko) Chrome/97.0.4692.99 Safari/537.36 Edg/97.0.1072.69"
::1 - - [25/Jan/2022:01:28:46 +0000] "GET /log/index.html HTTP/1.1" 304 - "-" "Mozilla/5.0 (Windows NT 10.0; Win64; x64) AppleWebKit/537.36 (KHTML, like Gecko) Chrome/97.0.4692.99 Safari/537.36 Edg/97.0.1072.69"
::1 - - [25/Jan/2022:01:28:46 +0000] "GET /log/static/js/main.f11b3f89.js HTTP/1.1" 304 - "http://localhost/log/index.html" "Mozilla/5.0 (Windows NT 10.0; Win64; x64) AppleWebKit/537.36 (KHTML, like Gecko) Chrome/97.0.4692.99 Safari/537.36 Edg/97.0.1072.69"
::1 - - [25/Jan/2022:01:28:46 +0000] "GET /log/static/css/main.073c9b0a.css HTTP/1.1" 304 - "http://localhost/log/index.html" "Mozilla/5.0 (Windows NT 10.0; Win64; x64) AppleWebKit/537.36 (KHTML, like Gecko) Chrome/97.0.4692.99 Safari/537.36 Edg/97.0.1072.69"
::1 - - [25/Jan/2022:01:28:46 +0000] "GET /log/manifest.json HTTP/1.1" 304 - "http://localhost/log/index.html" "Mozilla/5.0 (Windows NT 10.0; Win64; x64) AppleWebKit/537.36 (KHTML, like Gecko) Chrome/97.0.4692.99 Safari/537.36 Edg/97.0.1072.69"
::1 - - [25/Jan/2022:01:28:46 +0000] "GET /log/favicon.ico HTTP/1.1" 304 - "http://localhost/log/index.html" "Mozilla/5.0 (Windows NT 10.0; Win64; x64) AppleWebKit/537.36 (KHTML, like Gecko) Chrome/97.0.4692.99 Safari/537.36 Edg/97.0.1072.69"
::1 - - [25/Jan/2022:01:28:46 +0000] "GET /log/logo192.png HTTP/1.1" 304 - "http://localhost/log/index.html" "Mozilla/5.0 (Windows NT 10.0; Win64; x64) AppleWebKit/537.36 (KHTML, like Gecko) Chrome/97.0.4692.99 Safari/537.36 Edg/97.0.1072.69"
::1 - - [25/Jan/2022:01:29:21 +0000] "GET /log/index.html HTTP/1.1" 304 - "-" "Mozilla/5.0 (Windows NT 10.0; Win64; x64) AppleWebKit/537.36 (KHTML, like Gecko) Chrome/97.0.4692.99 Safari/537.36 Edg/97.0.1072.69"
::1 - - [25/Jan/2022:01:29:21 +0000] "GET /log/static/js/main.f11b3f89.js HTTP/1.1" 304 - "http://localhost/log/index.html" "Mozilla/5.0 (Windows NT 10.0; Win64; x64) AppleWebKit/537.36 (KHTML, like Gecko) Chrome/97.0.4692.99 Safari/537.36 Edg/97.0.1072.69"
::1 - - [25/Jan/2022:01:29:21 +0000] "GET /log/static/css/main.073c9b0a.css HTTP/1.1" 304 - "http://localhost/log/index.html" "Mozilla/5.0 (Windows NT 10.0; Win64; x64) AppleWebKit/537.36 (KHTML, like Gecko) Chrome/97.0.4692.99 Safari/537.36 Edg/97.0.1072.69"
::1 - - [25/Jan/2022:01:29:21 +0000] "GET /log/manifest.json HTTP/1.1" 304 - "http://localhost/log/index.html" "Mozilla/5.0 (Windows NT 10.0; Win64; x64) AppleWebKit/537.36 (KHTML, like Gecko) Chrome/97.0.4692.99 Safari/537.36 Edg/97.0.1072.69"
::1 - - [25/Jan/2022:01:29:21 +0000] "GET /log/favicon.ico HTTP/1.1" 304 - "http://localhost/log/index.html" "Mozilla/5.0 (Windows NT 10.0; Win64; x64) AppleWebKit/537.36 (KHTML, like Gecko) Chrome/97.0.4692.99 Safari/537.36 Edg/97.0.1072.69"
::1 - - [25/Jan/2022:01:29:21 +0000] "GET /log/logo192.png HTTP/1.1" 304 - "http://localhost/log/index.html" "Mozilla/5.0 (Windows NT 10.0; Win64; x64) AppleWebKit/537.36 (KHTML, like Gecko) Chrome/97.0.4692.99 Safari/537.36 Edg/97.0.1072.69"
::1 - - [25/Jan/2022:01:29:21 +0000] "GET /log/index.html HTTP/1.1" 304 - "-" "Mozilla/5.0 (Windows NT 10.0; Win64; x64) AppleWebKit/537.36 (KHTML, like Gecko) Chrome/97.0.4692.99 Safari/537.36 Edg/97.0.1072.69"
::1 - - [25/Jan/2022:01:29:21 +0000] "GET /log/static/js/main.f11b3f89.js HTTP/1.1" 304 - "http://localhost/log/index.html" "Mozilla/5.0 (Windows NT 10.0; Win64; x64) AppleWebKit/537.36 (KHTML, like Gecko) Chrome/97.0.4692.99 Safari/537.36 Edg/97.0.1072.69"
::1 - - [25/Jan/2022:01:29:21 +0000] "GET /log/static/css/main.073c9b0a.css HTTP/1.1" 304 - "http://localhost/log/index.html" "Mozilla/5.0 (Windows NT 10.0; Win64; x64) AppleWebKit/537.36 (KHTML, like Gecko) Chrome/97.0.4692.99 Safari/537.36 Edg/97.0.1072.69"
::1 - - [25/Jan/2022:01:29:21 +0000] "GET /log/manifest.json HTTP/1.1" 304 - "http://localhost/log/index.html" "Mozilla/5.0 (Windows NT 10.0; Win64; x64) AppleWebKit/537.36 (KHTML, like Gecko) Chrome/97.0.4692.99 Safari/537.36 Edg/97.0.1072.69"
::1 - - [25/Jan/2022:01:29:21 +0000] "GET /log/favicon.ico HTTP/1.1" 304 - "http://localhost/log/index.html" "Mozilla/5.0 (Windows NT 10.0; Win64; x64) AppleWebKit/537.36 (KHTML, like Gecko) Chrome/97.0.4692.99 Safari/537.36 Edg/97.0.1072.69"
::1 - - [25/Jan/2022:01:29:21 +0000] "GET /log/logo192.png HTTP/1.1" 304 - "http://localhost/log/index.html" "Mozilla/5.0 (Windows NT 10.0; Win64; x64) AppleWebKit/537.36 (KHTML, like Gecko) Chrome/97.0.4692.99 Safari/537.36 Edg/97.0.1072.69"
::1 - - [25/Jan/2022:01:29:22 +0000] "GET /log/index.html HTTP/1.1" 304 - "-" "Mozilla/5.0 (Windows NT 10.0; Win64; x64) AppleWebKit/537.36 (KHTML, like Gecko) Chrome/97.0.4692.99 Safari/537.36 Edg/97.0.1072.69"
::1 - - [25/Jan/2022:01:29:22 +0000] "GET /log/static/js/main.f11b3f89.js HTTP/1.1" 304 - "http://localhost/log/index.html" "Mozilla/5.0 (Windows NT 10.0; Win64; x64) AppleWebKit/537.36 (KHTML, like Gecko) Chrome/97.0.4692.99 Safari/537.36 Edg/97.0.1072.69"
::1 - - [25/Jan/2022:01:29:22 +0000] "GET /log/static/css/main.073c9b0a.css HTTP/1.1" 304 - "http://localhost/log/index.html" "Mozilla/5.0 (Windows NT 10.0; Win64; x64) AppleWebKit/537.36 (KHTML, like Gecko) Chrome/97.0.4692.99 Safari/537.36 Edg/97.0.1072.69"
::1 - - [25/Jan/2022:01:29:22 +0000] "GET /log/favicon.ico HTTP/1.1" 304 - "http://localhost/log/index.html" "Mozilla/5.0 (Windows NT 10.0; Win64; x64) AppleWebKit/537.36 (KHTML, like Gecko) Chrome/97.0.4692.99 Safari/537.36 Edg/97.0.1072.69"
::1 - - [25/Jan/2022:01:29:22 +0000] "GET /log/manifest.json HTTP/1.1" 304 - "http://localhost/log/index.html" "Mozilla/5.0 (Windows NT 10.0; Win64; x64) AppleWebKit/537.36 (KHTML, like Gecko) Chrome/97.0.4692.99 Safari/537.36 Edg/97.0.1072.69"
::1 - - [25/Jan/2022:01:29:22 +0000] "GET /log/logo192.png HTTP/1.1" 304 - "http://localhost/log/index.html" "Mozilla/5.0 (Windows NT 10.0; Win64; x64) AppleWebKit/537.36 (KHTML, like Gecko) Chrome/97.0.4692.99 Safari/537.36 Edg/97.0.1072.69"
::1 - - [25/Jan/2022:01:29:22 +0000] "GET /log/index.html HTTP/1.1" 304 - "-" "Mozilla/5.0 (Windows NT 10.0; Win64; x64) AppleWebKit/537.36 (KHTML, like Gecko) Chrome/97.0.4692.99 Safari/537.36 Edg/97.0.1072.69"
::1 - - [25/Jan/2022:01:29:22 +0000] "GET /log/static/js/main.f11b3f89.js HTTP/1.1" 304 - "http://localhost/log/index.html" "Mozilla/5.0 (Windows NT 10.0; Win64; x64) AppleWebKit/537.36 (KHTML, like Gecko) Chrome/97.0.4692.99 Safari/537.36 Edg/97.0.1072.69"
::1 - - [25/Jan/2022:01:29:22 +0000] "GET /log/static/css/main.073c9b0a.css HTTP/1.1" 304 - "http://localhost/log/index.html" "Mozilla/5.0 (Windows NT 10.0; Win64; x64) AppleWebKit/537.36 (KHTML, like Gecko) Chrome/97.0.4692.99 Safari/537.36 Edg/97.0.1072.69"
::1 - - [25/Jan/2022:01:29:22 +0000] "GET /log/manifest.json HTTP/1.1" 304 - "http://localhost/log/index.html" "Mozilla/5.0 (Windows NT 10.0; Win64; x64) AppleWebKit/537.36 (KHTML, like Gecko) Chrome/97.0.4692.99 Safari/537.36 Edg/97.0.1072.69"
::1 - - [25/Jan/2022:01:29:22 +0000] "GET /log/favicon.ico HTTP/1.1" 304 - "http://localhost/log/index.html" "Mozilla/5.0 (Windows NT 10.0; Win64; x64) AppleWebKit/537.36 (KHTML, like Gecko) Chrome/97.0.4692.99 Safari/537.36 Edg/97.0.1072.69"
::1 - - [25/Jan/2022:01:29:22 +0000] "GET /log/logo192.png HTTP/1.1" 304 - "http://localhost/log/index.html" "Mozilla/5.0 (Windows NT 10.0; Win64; x64) AppleWebKit/537.36 (KHTML, like Gecko) Chrome/97.0.4692.99 Safari/537.36 Edg/97.0.1072.69"
::1 - - [25/Jan/2022:01:38:07 +0000] "GET /log HTTP/1.1" 302 132 "-" "Mozilla/5.0 (Windows NT 10.0; Win64; x64) AppleWebKit/537.36 (KHTML, like Gecko) Chrome/97.0.4692.99 Safari/537.36 Edg/97.0.1072.69"
::1 - - [25/Jan/2022:01:38:11 +0000] "GET /log/index.html HTTP/1.1" 200 664 "-" "Mozilla/5.0 (Windows NT 10.0; Win64; x64) AppleWebKit/537.36 (KHTML, like Gecko) Chrome/97.0.4692.99 Safari/537.36 Edg/97.0.1072.69"
::1 - - [25/Jan/2022:01:38:11 +0000] "GET /log/static/css/main.073c9b0a.css HTTP/1.1" 200 1044 "http://localhost/log/index.html" "Mozilla/5.0 (Windows NT 10.0; Win64; x64) AppleWebKit/537.36 (KHTML, like Gecko) Chrome/97.0.4692.99 Safari/537.36 Edg/97.0.1072.69"
::1 - - [25/Jan/2022:01:38:11 +0000] "GET /log/static/js/main.ec82a816.js HTTP/1.1" 200 224523 "http://localhost/log/index.html" "Mozilla/5.0 (Windows NT 10.0; Win64; x64) AppleWebKit/537.36 (KHTML, like Gecko) Chrome/97.0.4692.99 Safari/537.36 Edg/97.0.1072.69"
::1 - - [25/Jan/2022:01:38:11 +0000] "GET /log/manifest.json HTTP/1.1" 304 - "http://localhost/log/index.html" "Mozilla/5.0 (Windows NT 10.0; Win64; x64) AppleWebKit/537.36 (KHTML, like Gecko) Chrome/97.0.4692.99 Safari/537.36 Edg/97.0.1072.69"
::1 - - [25/Jan/2022:01:38:11 +0000] "GET /log/logo192.png HTTP/1.1" 304 - "http://localhost/log/index.html" "Mozilla/5.0 (Windows NT 10.0; Win64; x64) AppleWebKit/537.36 (KHTML, like Gecko) Chrome/97.0.4692.99 Safari/537.36 Edg/97.0.1072.69"
::1 - - [25/Jan/2022:01:38:16 +0000] "GET /log/index.html HTTP/1.1" 304 - "-" "Mozilla/5.0 (Windows NT 10.0; Win64; x64) AppleWebKit/537.36 (KHTML, like Gecko) Chrome/97.0.4692.99 Safari/537.36 Edg/97.0.1072.69"
::1 - - [25/Jan/2022:01:38:16 +0000] "GET /log/static/css/main.073c9b0a.css HTTP/1.1" 304 - "http://localhost/log/index.html" "Mozilla/5.0 (Windows NT 10.0; Win64; x64) AppleWebKit/537.36 (KHTML, like Gecko) Chrome/97.0.4692.99 Safari/537.36 Edg/97.0.1072.69"
::1 - - [25/Jan/2022:01:38:16 +0000] "GET /log/static/js/main.ec82a816.js HTTP/1.1" 304 - "http://localhost/log/index.html" "Mozilla/5.0 (Windows NT 10.0; Win64; x64) AppleWebKit/537.36 (KHTML, like Gecko) Chrome/97.0.4692.99 Safari/537.36 Edg/97.0.1072.69"
::1 - - [25/Jan/2022:01:38:16 +0000] "GET /log/manifest.json HTTP/1.1" 304 - "http://localhost/log/index.html" "Mozilla/5.0 (Windows NT 10.0; Win64; x64) AppleWebKit/537.36 (KHTML, like Gecko) Chrome/97.0.4692.99 Safari/537.36 Edg/97.0.1072.69"
::1 - - [25/Jan/2022:01:38:16 +0000] "GET /log/favicon.ico HTTP/1.1" 304 - "http://localhost/log/index.html" "Mozilla/5.0 (Windows NT 10.0; Win64; x64) AppleWebKit/537.36 (KHTML, like Gecko) Chrome/97.0.4692.99 Safari/537.36 Edg/97.0.1072.69"
::1 - - [25/Jan/2022:01:38:16 +0000] "GET /log/logo192.png HTTP/1.1" 304 - "http://localhost/log/index.html" "Mozilla/5.0 (Windows NT 10.0; Win64; x64) AppleWebKit/537.36 (KHTML, like Gecko) Chrome/97.0.4692.99 Safari/537.36 Edg/97.0.1072.69"
::1 - - [25/Jan/2022:01:38:16 +0000] "GET /log/index.html HTTP/1.1" 304 - "-" "Mozilla/5.0 (Windows NT 10.0; Win64; x64) AppleWebKit/537.36 (KHTML, like Gecko) Chrome/97.0.4692.99 Safari/537.36 Edg/97.0.1072.69"
::1 - - [25/Jan/2022:01:38:16 +0000] "GET /log/static/js/main.ec82a816.js HTTP/1.1" 304 - "http://localhost/log/index.html" "Mozilla/5.0 (Windows NT 10.0; Win64; x64) AppleWebKit/537.36 (KHTML, like Gecko) Chrome/97.0.4692.99 Safari/537.36 Edg/97.0.1072.69"
::1 - - [25/Jan/2022:01:38:16 +0000] "GET /log/static/css/main.073c9b0a.css HTTP/1.1" 304 - "http://localhost/log/index.html" "Mozilla/5.0 (Windows NT 10.0; Win64; x64) AppleWebKit/537.36 (KHTML, like Gecko) Chrome/97.0.4692.99 Safari/537.36 Edg/97.0.1072.69"
::1 - - [25/Jan/2022:01:38:16 +0000] "GET /log/manifest.json HTTP/1.1" 304 - "http://localhost/log/index.html" "Mozilla/5.0 (Windows NT 10.0; Win64; x64) AppleWebKit/537.36 (KHTML, like Gecko) Chrome/97.0.4692.99 Safari/537.36 Edg/97.0.1072.69"
::1 - - [25/Jan/2022:01:38:16 +0000] "GET /log/favicon.ico HTTP/1.1" 304 - "http://localhost/log/index.html" "Mozilla/5.0 (Windows NT 10.0; Win64; x64) AppleWebKit/537.36 (KHTML, like Gecko) Chrome/97.0.4692.99 Safari/537.36 Edg/97.0.1072.69"
::1 - - [25/Jan/2022:01:38:16 +0000] "GET /log/logo192.png HTTP/1.1" 304 - "http://localhost/log/index.html" "Mozilla/5.0 (Windows NT 10.0; Win64; x64) AppleWebKit/537.36 (KHTML, like Gecko) Chrome/97.0.4692.99 Safari/537.36 Edg/97.0.1072.69"
::1 - - [25/Jan/2022:01:38:17 +0000] "GET /log/index.html HTTP/1.1" 304 - "-" "Mozilla/5.0 (Windows NT 10.0; Win64; x64) AppleWebKit/537.36 (KHTML, like Gecko) Chrome/97.0.4692.99 Safari/537.36 Edg/97.0.1072.69"
::1 - - [25/Jan/2022:01:38:17 +0000] "GET /log/static/js/main.ec82a816.js HTTP/1.1" 304 - "http://localhost/log/index.html" "Mozilla/5.0 (Windows NT 10.0; Win64; x64) AppleWebKit/537.36 (KHTML, like Gecko) Chrome/97.0.4692.99 Safari/537.36 Edg/97.0.1072.69"
::1 - - [25/Jan/2022:01:38:17 +0000] "GET /log/static/css/main.073c9b0a.css HTTP/1.1" 304 - "http://localhost/log/index.html" "Mozilla/5.0 (Windows NT 10.0; Win64; x64) AppleWebKit/537.36 (KHTML, like Gecko) Chrome/97.0.4692.99 Safari/537.36 Edg/97.0.1072.69"
::1 - - [25/Jan/2022:01:38:17 +0000] "GET /log/manifest.json HTTP/1.1" 304 - "http://localhost/log/index.html" "Mozilla/5.0 (Windows NT 10.0; Win64; x64) AppleWebKit/537.36 (KHTML, like Gecko) Chrome/97.0.4692.99 Safari/537.36 Edg/97.0.1072.69"
::1 - - [25/Jan/2022:01:38:17 +0000] "GET /log/favicon.ico HTTP/1.1" 304 - "http://localhost/log/index.html" "Mozilla/5.0 (Windows NT 10.0; Win64; x64) AppleWebKit/537.36 (KHTML, like Gecko) Chrome/97.0.4692.99 Safari/537.36 Edg/97.0.1072.69"
::1 - - [25/Jan/2022:01:38:17 +0000] "GET /log/logo192.png HTTP/1.1" 304 - "http://localhost/log/index.html" "Mozilla/5.0 (Windows NT 10.0; Win64; x64) AppleWebKit/537.36 (KHTML, like Gecko) Chrome/97.0.4692.99 Safari/537.36 Edg/97.0.1072.69"
::1 - - [25/Jan/2022:01:38:18 +0000] "GET /log/index.html HTTP/1.1" 304 - "-" "Mozilla/5.0 (Windows NT 10.0; Win64; x64) AppleWebKit/537.36 (KHTML, like Gecko) Chrome/97.0.4692.99 Safari/537.36 Edg/97.0.1072.69"
::1 - - [25/Jan/2022:01:38:18 +0000] "GET /log/static/js/main.ec82a816.js HTTP/1.1" 304 - "http://localhost/log/index.html" "Mozilla/5.0 (Windows NT 10.0; Win64; x64) AppleWebKit/537.36 (KHTML, like Gecko) Chrome/97.0.4692.99 Safari/537.36 Edg/97.0.1072.69"
::1 - - [25/Jan/2022:01:38:18 +0000] "GET /log/static/css/main.073c9b0a.css HTTP/1.1" 304 - "http://localhost/log/index.html" "Mozilla/5.0 (Windows NT 10.0; Win64; x64) AppleWebKit/537.36 (KHTML, like Gecko) Chrome/97.0.4692.99 Safari/537.36 Edg/97.0.1072.69"
::1 - - [25/Jan/2022:01:38:18 +0000] "GET /log/manifest.json HTTP/1.1" 304 - "http://localhost/log/index.html" "Mozilla/5.0 (Windows NT 10.0; Win64; x64) AppleWebKit/537.36 (KHTML, like Gecko) Chrome/97.0.4692.99 Safari/537.36 Edg/97.0.1072.69"
::1 - - [25/Jan/2022:01:38:18 +0000] "GET /log/favicon.ico HTTP/1.1" 304 - "http://localhost/log/index.html" "Mozilla/5.0 (Windows NT 10.0; Win64; x64) AppleWebKit/537.36 (KHTML, like Gecko) Chrome/97.0.4692.99 Safari/537.36 Edg/97.0.1072.69"
::1 - - [25/Jan/2022:01:38:18 +0000] "GET /log/logo192.png HTTP/1.1" 304 - "http://localhost/log/index.html" "Mozilla/5.0 (Windows NT 10.0; Win64; x64) AppleWebKit/537.36 (KHTML, like Gecko) Chrome/97.0.4692.99 Safari/537.36 Edg/97.0.1072.69"
::1 - - [25/Jan/2022:01:38:47 +0000] "GET /log/index.html HTTP/1.1" 304 - "-" "Mozilla/5.0 (Windows NT 10.0; Win64; x64) AppleWebKit/537.36 (KHTML, like Gecko) Chrome/97.0.4692.99 Safari/537.36 Edg/97.0.1072.69"
::1 - - [25/Jan/2022:01:38:47 +0000] "GET /log/static/js/main.ec82a816.js HTTP/1.1" 304 - "http://localhost/log/index.html" "Mozilla/5.0 (Windows NT 10.0; Win64; x64) AppleWebKit/537.36 (KHTML, like Gecko) Chrome/97.0.4692.99 Safari/537.36 Edg/97.0.1072.69"
::1 - - [25/Jan/2022:01:38:47 +0000] "GET /log/static/css/main.073c9b0a.css HTTP/1.1" 304 - "http://localhost/log/index.html" "Mozilla/5.0 (Windows NT 10.0; Win64; x64) AppleWebKit/537.36 (KHTML, like Gecko) Chrome/97.0.4692.99 Safari/537.36 Edg/97.0.1072.69"
::1 - - [25/Jan/2022:01:38:47 +0000] "GET /log/manifest.json HTTP/1.1" 304 - "http://localhost/log/index.html" "Mozilla/5.0 (Windows NT 10.0; Win64; x64) AppleWebKit/537.36 (KHTML, like Gecko) Chrome/97.0.4692.99 Safari/537.36 Edg/97.0.1072.69"
::1 - - [25/Jan/2022:01:38:47 +0000] "GET /log/favicon.ico HTTP/1.1" 304 - "http://localhost/log/index.html" "Mozilla/5.0 (Windows NT 10.0; Win64; x64) AppleWebKit/537.36 (KHTML, like Gecko) Chrome/97.0.4692.99 Safari/537.36 Edg/97.0.1072.69"
::1 - - [25/Jan/2022:01:38:47 +0000] "GET /log/logo192.png HTTP/1.1" 304 - "http://localhost/log/index.html" "Mozilla/5.0 (Windows NT 10.0; Win64; x64) AppleWebKit/537.36 (KHTML, like Gecko) Chrome/97.0.4692.99 Safari/537.36 Edg/97.0.1072.69"
::1 - - [25/Jan/2022:01:38:48 +0000] "GET /log/index.html HTTP/1.1" 304 - "-" "Mozilla/5.0 (Windows NT 10.0; Win64; x64) AppleWebKit/537.36 (KHTML, like Gecko) Chrome/97.0.4692.99 Safari/537.36 Edg/97.0.1072.69"
::1 - - [25/Jan/2022:01:38:48 +0000] "GET /log/static/js/main.ec82a816.js HTTP/1.1" 304 - "http://localhost/log/index.html" "Mozilla/5.0 (Windows NT 10.0; Win64; x64) AppleWebKit/537.36 (KHTML, like Gecko) Chrome/97.0.4692.99 Safari/537.36 Edg/97.0.1072.69"
::1 - - [25/Jan/2022:01:38:48 +0000] "GET /log/static/css/main.073c9b0a.css HTTP/1.1" 304 - "http://localhost/log/index.html" "Mozilla/5.0 (Windows NT 10.0; Win64; x64) AppleWebKit/537.36 (KHTML, like Gecko) Chrome/97.0.4692.99 Safari/537.36 Edg/97.0.1072.69"
::1 - - [25/Jan/2022:01:38:48 +0000] "GET /log/favicon.ico HTTP/1.1" 304 - "http://localhost/log/index.html" "Mozilla/5.0 (Windows NT 10.0; Win64; x64) AppleWebKit/537.36 (KHTML, like Gecko) Chrome/97.0.4692.99 Safari/537.36 Edg/97.0.1072.69"
::1 - - [25/Jan/2022:01:38:48 +0000] "GET /log/manifest.json HTTP/1.1" 304 - "http://localhost/log/index.html" "Mozilla/5.0 (Windows NT 10.0; Win64; x64) AppleWebKit/537.36 (KHTML, like Gecko) Chrome/97.0.4692.99 Safari/537.36 Edg/97.0.1072.69"
::1 - - [25/Jan/2022:01:38:48 +0000] "GET /log/logo192.png HTTP/1.1" 304 - "http://localhost/log/index.html" "Mozilla/5.0 (Windows NT 10.0; Win64; x64) AppleWebKit/537.36 (KHTML, like Gecko) Chrome/97.0.4692.99 Safari/537.36 Edg/97.0.1072.69"
::1 - - [25/Jan/2022:01:38:48 +0000] "GET /log/index.html HTTP/1.1" 304 - "-" "Mozilla/5.0 (Windows NT 10.0; Win64; x64) AppleWebKit/537.36 (KHTML, like Gecko) Chrome/97.0.4692.99 Safari/537.36 Edg/97.0.1072.69"
::1 - - [25/Jan/2022:01:38:48 +0000] "GET /log/static/js/main.ec82a816.js HTTP/1.1" 304 - "http://localhost/log/index.html" "Mozilla/5.0 (Windows NT 10.0; Win64; x64) AppleWebKit/537.36 (KHTML, like Gecko) Chrome/97.0.4692.99 Safari/537.36 Edg/97.0.1072.69"
::1 - - [25/Jan/2022:01:38:48 +0000] "GET /log/static/css/main.073c9b0a.css HTTP/1.1" 304 - "http://localhost/log/index.html" "Mozilla/5.0 (Windows NT 10.0; Win64; x64) AppleWebKit/537.36 (KHTML, like Gecko) Chrome/97.0.4692.99 Safari/537.36 Edg/97.0.1072.69"
::1 - - [25/Jan/2022:01:38:48 +0000] "GET /log/manifest.json HTTP/1.1" 304 - "http://localhost/log/index.html" "Mozilla/5.0 (Windows NT 10.0; Win64; x64) AppleWebKit/537.36 (KHTML, like Gecko) Chrome/97.0.4692.99 Safari/537.36 Edg/97.0.1072.69"
::1 - - [25/Jan/2022:01:38:48 +0000] "GET /log/favicon.ico HTTP/1.1" 304 - "http://localhost/log/index.html" "Mozilla/5.0 (Windows NT 10.0; Win64; x64) AppleWebKit/537.36 (KHTML, like Gecko) Chrome/97.0.4692.99 Safari/537.36 Edg/97.0.1072.69"
::1 - - [25/Jan/2022:01:38:48 +0000] "GET /log/logo192.png HTTP/1.1" 304 - "http://localhost/log/index.html" "Mozilla/5.0 (Windows NT 10.0; Win64; x64) AppleWebKit/537.36 (KHTML, like Gecko) Chrome/97.0.4692.99 Safari/537.36 Edg/97.0.1072.69"
::1 - - [25/Jan/2022:01:38:48 +0000] "GET /log/index.html HTTP/1.1" 304 - "-" "Mozilla/5.0 (Windows NT 10.0; Win64; x64) AppleWebKit/537.36 (KHTML, like Gecko) Chrome/97.0.4692.99 Safari/537.36 Edg/97.0.1072.69"
::1 - - [25/Jan/2022:01:38:48 +0000] "GET /log/static/css/main.073c9b0a.css HTTP/1.1" 304 - "http://localhost/log/index.html" "Mozilla/5.0 (Windows NT 10.0; Win64; x64) AppleWebKit/537.36 (KHTML, like Gecko) Chrome/97.0.4692.99 Safari/537.36 Edg/97.0.1072.69"
::1 - - [25/Jan/2022:01:38:48 +0000] "GET /log/static/js/main.ec82a816.js HTTP/1.1" 304 - "http://localhost/log/index.html" "Mozilla/5.0 (Windows NT 10.0; Win64; x64) AppleWebKit/537.36 (KHTML, like Gecko) Chrome/97.0.4692.99 Safari/537.36 Edg/97.0.1072.69"
::1 - - [25/Jan/2022:01:38:48 +0000] "GET /log/favicon.ico HTTP/1.1" 304 - "http://localhost/log/index.html" "Mozilla/5.0 (Windows NT 10.0; Win64; x64) AppleWebKit/537.36 (KHTML, like Gecko) Chrome/97.0.4692.99 Safari/537.36 Edg/97.0.1072.69"
::1 - - [25/Jan/2022:01:38:48 +0000] "GET /log/manifest.json HTTP/1.1" 304 - "http://localhost/log/index.html" "Mozilla/5.0 (Windows NT 10.0; Win64; x64) AppleWebKit/537.36 (KHTML, like Gecko) Chrome/97.0.4692.99 Safari/537.36 Edg/97.0.1072.69"
::1 - - [25/Jan/2022:01:38:48 +0000] "GET /log/logo192.png HTTP/1.1" 304 - "http://localhost/log/index.html" "Mozilla/5.0 (Windows NT 10.0; Win64; x64) AppleWebKit/537.36 (KHTML, like Gecko) Chrome/97.0.4692.99 Safari/537.36 Edg/97.0.1072.69"
::1 - - [25/Jan/2022:01:38:49 +0000] "GET /log/index.html HTTP/1.1" 304 - "-" "Mozilla/5.0 (Windows NT 10.0; Win64; x64) AppleWebKit/537.36 (KHTML, like Gecko) Chrome/97.0.4692.99 Safari/537.36 Edg/97.0.1072.69"
::1 - - [25/Jan/2022:01:38:49 +0000] "GET /log/static/js/main.ec82a816.js HTTP/1.1" 304 - "http://localhost/log/index.html" "Mozilla/5.0 (Windows NT 10.0; Win64; x64) AppleWebKit/537.36 (KHTML, like Gecko) Chrome/97.0.4692.99 Safari/537.36 Edg/97.0.1072.69"
::1 - - [25/Jan/2022:01:38:49 +0000] "GET /log/static/css/main.073c9b0a.css HTTP/1.1" 304 - "http://localhost/log/index.html" "Mozilla/5.0 (Windows NT 10.0; Win64; x64) AppleWebKit/537.36 (KHTML, like Gecko) Chrome/97.0.4692.99 Safari/537.36 Edg/97.0.1072.69"
::1 - - [25/Jan/2022:01:38:49 +0000] "GET /log/manifest.json HTTP/1.1" 304 - "http://localhost/log/index.html" "Mozilla/5.0 (Windows NT 10.0; Win64; x64) AppleWebKit/537.36 (KHTML, like Gecko) Chrome/97.0.4692.99 Safari/537.36 Edg/97.0.1072.69"
::1 - - [25/Jan/2022:01:38:49 +0000] "GET /log/favicon.ico HTTP/1.1" 304 - "http://localhost/log/index.html" "Mozilla/5.0 (Windows NT 10.0; Win64; x64) AppleWebKit/537.36 (KHTML, like Gecko) Chrome/97.0.4692.99 Safari/537.36 Edg/97.0.1072.69"
::1 - - [25/Jan/2022:01:38:49 +0000] "GET /log/logo192.png HTTP/1.1" 304 - "http://localhost/log/index.html" "Mozilla/5.0 (Windows NT 10.0; Win64; x64) AppleWebKit/537.36 (KHTML, like Gecko) Chrome/97.0.4692.99 Safari/537.36 Edg/97.0.1072.69"
::1 - - [25/Jan/2022:01:39:15 +0000] "GET /log/index.html HTTP/1.1" 304 - "-" "Mozilla/5.0 (Windows NT 10.0; Win64; x64) AppleWebKit/537.36 (KHTML, like Gecko) Chrome/97.0.4692.99 Safari/537.36 Edg/97.0.1072.69"
::1 - - [25/Jan/2022:01:39:15 +0000] "GET /log/static/js/main.ec82a816.js HTTP/1.1" 304 - "http://localhost/log/index.html" "Mozilla/5.0 (Windows NT 10.0; Win64; x64) AppleWebKit/537.36 (KHTML, like Gecko) Chrome/97.0.4692.99 Safari/537.36 Edg/97.0.1072.69"
::1 - - [25/Jan/2022:01:39:15 +0000] "GET /log/static/css/main.073c9b0a.css HTTP/1.1" 304 - "http://localhost/log/index.html" "Mozilla/5.0 (Windows NT 10.0; Win64; x64) AppleWebKit/537.36 (KHTML, like Gecko) Chrome/97.0.4692.99 Safari/537.36 Edg/97.0.1072.69"
::1 - - [25/Jan/2022:01:39:15 +0000] "GET /log/manifest.json HTTP/1.1" 304 - "http://localhost/log/index.html" "Mozilla/5.0 (Windows NT 10.0; Win64; x64) AppleWebKit/537.36 (KHTML, like Gecko) Chrome/97.0.4692.99 Safari/537.36 Edg/97.0.1072.69"
::1 - - [25/Jan/2022:01:39:15 +0000] "GET /log/favicon.ico HTTP/1.1" 304 - "http://localhost/log/index.html" "Mozilla/5.0 (Windows NT 10.0; Win64; x64) AppleWebKit/537.36 (KHTML, like Gecko) Chrome/97.0.4692.99 Safari/537.36 Edg/97.0.1072.69"
::1 - - [25/Jan/2022:01:39:15 +0000] "GET /log/logo192.png HTTP/1.1" 304 - "http://localhost/log/index.html" "Mozilla/5.0 (Windows NT 10.0; Win64; x64) AppleWebKit/537.36 (KHTML, like Gecko) Chrome/97.0.4692.99 Safari/537.36 Edg/97.0.1072.69"
::1 - - [25/Jan/2022:01:39:47 +0000] "GET /log/index.html HTTP/1.1" 304 - "-" "Mozilla/5.0 (Windows NT 10.0; Win64; x64) AppleWebKit/537.36 (KHTML, like Gecko) Chrome/97.0.4692.99 Safari/537.36 Edg/97.0.1072.69"
::1 - - [25/Jan/2022:01:39:47 +0000] "GET /log/static/js/main.ec82a816.js HTTP/1.1" 304 - "http://localhost/log/index.html" "Mozilla/5.0 (Windows NT 10.0; Win64; x64) AppleWebKit/537.36 (KHTML, like Gecko) Chrome/97.0.4692.99 Safari/537.36 Edg/97.0.1072.69"
::1 - - [25/Jan/2022:01:39:47 +0000] "GET /log/static/css/main.073c9b0a.css HTTP/1.1" 304 - "http://localhost/log/index.html" "Mozilla/5.0 (Windows NT 10.0; Win64; x64) AppleWebKit/537.36 (KHTML, like Gecko) Chrome/97.0.4692.99 Safari/537.36 Edg/97.0.1072.69"
::1 - - [25/Jan/2022:01:39:47 +0000] "GET /log/manifest.json HTTP/1.1" 304 - "http://localhost/log/index.html" "Mozilla/5.0 (Windows NT 10.0; Win64; x64) AppleWebKit/537.36 (KHTML, like Gecko) Chrome/97.0.4692.99 Safari/537.36 Edg/97.0.1072.69"
::1 - - [25/Jan/2022:01:39:47 +0000] "GET /log/favicon.ico HTTP/1.1" 304 - "http://localhost/log/index.html" "Mozilla/5.0 (Windows NT 10.0; Win64; x64) AppleWebKit/537.36 (KHTML, like Gecko) Chrome/97.0.4692.99 Safari/537.36 Edg/97.0.1072.69"
::1 - - [25/Jan/2022:01:39:47 +0000] "GET /log/logo192.png HTTP/1.1" 304 - "http://localhost/log/index.html" "Mozilla/5.0 (Windows NT 10.0; Win64; x64) AppleWebKit/537.36 (KHTML, like Gecko) Chrome/97.0.4692.99 Safari/537.36 Edg/97.0.1072.69"
::1 - - [25/Jan/2022:01:39:47 +0000] "GET /log/index.html HTTP/1.1" 304 - "-" "Mozilla/5.0 (Windows NT 10.0; Win64; x64) AppleWebKit/537.36 (KHTML, like Gecko) Chrome/97.0.4692.99 Safari/537.36 Edg/97.0.1072.69"
::1 - - [25/Jan/2022:01:39:47 +0000] "GET /log/static/css/main.073c9b0a.css HTTP/1.1" 304 - "http://localhost/log/index.html" "Mozilla/5.0 (Windows NT 10.0; Win64; x64) AppleWebKit/537.36 (KHTML, like Gecko) Chrome/97.0.4692.99 Safari/537.36 Edg/97.0.1072.69"
::1 - - [25/Jan/2022:01:39:47 +0000] "GET /log/static/js/main.ec82a816.js HTTP/1.1" 304 - "http://localhost/log/index.html" "Mozilla/5.0 (Windows NT 10.0; Win64; x64) AppleWebKit/537.36 (KHTML, like Gecko) Chrome/97.0.4692.99 Safari/537.36 Edg/97.0.1072.69"
::1 - - [25/Jan/2022:01:39:47 +0000] "GET /log/manifest.json HTTP/1.1" 304 - "http://localhost/log/index.html" "Mozilla/5.0 (Windows NT 10.0; Win64; x64) AppleWebKit/537.36 (KHTML, like Gecko) Chrome/97.0.4692.99 Safari/537.36 Edg/97.0.1072.69"
::1 - - [25/Jan/2022:01:39:47 +0000] "GET /log/favicon.ico HTTP/1.1" 304 - "http://localhost/log/index.html" "Mozilla/5.0 (Windows NT 10.0; Win64; x64) AppleWebKit/537.36 (KHTML, like Gecko) Chrome/97.0.4692.99 Safari/537.36 Edg/97.0.1072.69"
::1 - - [25/Jan/2022:01:39:47 +0000] "GET /log/logo192.png HTTP/1.1" 304 - "http://localhost/log/index.html" "Mozilla/5.0 (Windows NT 10.0; Win64; x64) AppleWebKit/537.36 (KHTML, like Gecko) Chrome/97.0.4692.99 Safari/537.36 Edg/97.0.1072.69"
::1 - - [25/Jan/2022:01:40:01 +0000] "GET /log/index.html HTTP/1.1" 304 - "-" "Mozilla/5.0 (Windows NT 10.0; Win64; x64) AppleWebKit/537.36 (KHTML, like Gecko) Chrome/97.0.4692.99 Safari/537.36 Edg/97.0.1072.69"
::1 - - [25/Jan/2022:01:40:01 +0000] "GET /log/static/js/main.ec82a816.js HTTP/1.1" 304 - "http://localhost/log/index.html" "Mozilla/5.0 (Windows NT 10.0; Win64; x64) AppleWebKit/537.36 (KHTML, like Gecko) Chrome/97.0.4692.99 Safari/537.36 Edg/97.0.1072.69"
::1 - - [25/Jan/2022:01:40:01 +0000] "GET /log/static/css/main.073c9b0a.css HTTP/1.1" 304 - "http://localhost/log/index.html" "Mozilla/5.0 (Windows NT 10.0; Win64; x64) AppleWebKit/537.36 (KHTML, like Gecko) Chrome/97.0.4692.99 Safari/537.36 Edg/97.0.1072.69"
::1 - - [25/Jan/2022:01:40:01 +0000] "GET /log/manifest.json HTTP/1.1" 304 - "http://localhost/log/index.html" "Mozilla/5.0 (Windows NT 10.0; Win64; x64) AppleWebKit/537.36 (KHTML, like Gecko) Chrome/97.0.4692.99 Safari/537.36 Edg/97.0.1072.69"
::1 - - [25/Jan/2022:01:40:01 +0000] "GET /log/favicon.ico HTTP/1.1" 304 - "http://localhost/log/index.html" "Mozilla/5.0 (Windows NT 10.0; Win64; x64) AppleWebKit/537.36 (KHTML, like Gecko) Chrome/97.0.4692.99 Safari/537.36 Edg/97.0.1072.69"
::1 - - [25/Jan/2022:01:40:01 +0000] "GET /log/logo192.png HTTP/1.1" 304 - "http://localhost/log/index.html" "Mozilla/5.0 (Windows NT 10.0; Win64; x64) AppleWebKit/537.36 (KHTML, like Gecko) Chrome/97.0.4692.99 Safari/537.36 Edg/97.0.1072.69"
::1 - - [25/Jan/2022:01:40:01 +0000] "GET /log/index.html HTTP/1.1" 304 - "-" "Mozilla/5.0 (Windows NT 10.0; Win64; x64) AppleWebKit/537.36 (KHTML, like Gecko) Chrome/97.0.4692.99 Safari/537.36 Edg/97.0.1072.69"
::1 - - [25/Jan/2022:01:40:01 +0000] "GET /log/static/css/main.073c9b0a.css HTTP/1.1" 304 - "http://localhost/log/index.html" "Mozilla/5.0 (Windows NT 10.0; Win64; x64) AppleWebKit/537.36 (KHTML, like Gecko) Chrome/97.0.4692.99 Safari/537.36 Edg/97.0.1072.69"
::1 - - [25/Jan/2022:01:40:01 +0000] "GET /log/static/js/main.ec82a816.js HTTP/1.1" 304 - "http://localhost/log/index.html" "Mozilla/5.0 (Windows NT 10.0; Win64; x64) AppleWebKit/537.36 (KHTML, like Gecko) Chrome/97.0.4692.99 Safari/537.36 Edg/97.0.1072.69"
::1 - - [25/Jan/2022:01:40:01 +0000] "GET /log/manifest.json HTTP/1.1" 304 - "http://localhost/log/index.html" "Mozilla/5.0 (Windows NT 10.0; Win64; x64) AppleWebKit/537.36 (KHTML, like Gecko) Chrome/97.0.4692.99 Safari/537.36 Edg/97.0.1072.69"
::1 - - [25/Jan/2022:01:40:01 +0000] "GET /log/favicon.ico HTTP/1.1" 304 - "http://localhost/log/index.html" "Mozilla/5.0 (Windows NT 10.0; Win64; x64) AppleWebKit/537.36 (KHTML, like Gecko) Chrome/97.0.4692.99 Safari/537.36 Edg/97.0.1072.69"
::1 - - [25/Jan/2022:01:40:01 +0000] "GET /log/logo192.png HTTP/1.1" 304 - "http://localhost/log/index.html" "Mozilla/5.0 (Windows NT 10.0; Win64; x64) AppleWebKit/537.36 (KHTML, like Gecko) Chrome/97.0.4692.99 Safari/537.36 Edg/97.0.1072.69"
::1 - - [25/Jan/2022:01:40:02 +0000] "GET /log/index.html HTTP/1.1" 304 - "-" "Mozilla/5.0 (Windows NT 10.0; Win64; x64) AppleWebKit/537.36 (KHTML, like Gecko) Chrome/97.0.4692.99 Safari/537.36 Edg/97.0.1072.69"
::1 - - [25/Jan/2022:01:40:02 +0000] "GET /log/static/js/main.ec82a816.js HTTP/1.1" 304 - "http://localhost/log/index.html" "Mozilla/5.0 (Windows NT 10.0; Win64; x64) AppleWebKit/537.36 (KHTML, like Gecko) Chrome/97.0.4692.99 Safari/537.36 Edg/97.0.1072.69"
::1 - - [25/Jan/2022:01:40:02 +0000] "GET /log/static/css/main.073c9b0a.css HTTP/1.1" 304 - "http://localhost/log/index.html" "Mozilla/5.0 (Windows NT 10.0; Win64; x64) AppleWebKit/537.36 (KHTML, like Gecko) Chrome/97.0.4692.99 Safari/537.36 Edg/97.0.1072.69"
::1 - - [25/Jan/2022:01:40:02 +0000] "GET /log/manifest.json HTTP/1.1" 304 - "http://localhost/log/index.html" "Mozilla/5.0 (Windows NT 10.0; Win64; x64) AppleWebKit/537.36 (KHTML, like Gecko) Chrome/97.0.4692.99 Safari/537.36 Edg/97.0.1072.69"
::1 - - [25/Jan/2022:01:40:02 +0000] "GET /log/favicon.ico HTTP/1.1" 304 - "http://localhost/log/index.html" "Mozilla/5.0 (Windows NT 10.0; Win64; x64) AppleWebKit/537.36 (KHTML, like Gecko) Chrome/97.0.4692.99 Safari/537.36 Edg/97.0.1072.69"
::1 - - [25/Jan/2022:01:40:02 +0000] "GET /log/logo192.png HTTP/1.1" 304 - "http://localhost/log/index.html" "Mozilla/5.0 (Windows NT 10.0; Win64; x64) AppleWebKit/537.36 (KHTML, like Gecko) Chrome/97.0.4692.99 Safari/537.36 Edg/97.0.1072.69"
::1 - - [25/Jan/2022:01:40:02 +0000] "GET /log/index.html HTTP/1.1" 304 - "-" "Mozilla/5.0 (Windows NT 10.0; Win64; x64) AppleWebKit/537.36 (KHTML, like Gecko) Chrome/97.0.4692.99 Safari/537.36 Edg/97.0.1072.69"
::1 - - [25/Jan/2022:01:40:02 +0000] "GET /log/static/js/main.ec82a816.js HTTP/1.1" 304 - "http://localhost/log/index.html" "Mozilla/5.0 (Windows NT 10.0; Win64; x64) AppleWebKit/537.36 (KHTML, like Gecko) Chrome/97.0.4692.99 Safari/537.36 Edg/97.0.1072.69"
::1 - - [25/Jan/2022:01:40:02 +0000] "GET /log/static/css/main.073c9b0a.css HTTP/1.1" 304 - "http://localhost/log/index.html" "Mozilla/5.0 (Windows NT 10.0; Win64; x64) AppleWebKit/537.36 (KHTML, like Gecko) Chrome/97.0.4692.99 Safari/537.36 Edg/97.0.1072.69"
::1 - - [25/Jan/2022:01:40:02 +0000] "GET /log/manifest.json HTTP/1.1" 304 - "http://localhost/log/index.html" "Mozilla/5.0 (Windows NT 10.0; Win64; x64) AppleWebKit/537.36 (KHTML, like Gecko) Chrome/97.0.4692.99 Safari/537.36 Edg/97.0.1072.69"
::1 - - [25/Jan/2022:01:40:02 +0000] "GET /log/favicon.ico HTTP/1.1" 304 - "http://localhost/log/index.html" "Mozilla/5.0 (Windows NT 10.0; Win64; x64) AppleWebKit/537.36 (KHTML, like Gecko) Chrome/97.0.4692.99 Safari/537.36 Edg/97.0.1072.69"
::1 - - [25/Jan/2022:01:40:02 +0000] "GET /log/logo192.png HTTP/1.1" 304 - "http://localhost/log/index.html" "Mozilla/5.0 (Windows NT 10.0; Win64; x64) AppleWebKit/537.36 (KHTML, like Gecko) Chrome/97.0.4692.99 Safari/537.36 Edg/97.0.1072.69"
::1 - - [25/Jan/2022:01:40:02 +0000] "GET /log/index.html HTTP/1.1" 304 - "-" "Mozilla/5.0 (Windows NT 10.0; Win64; x64) AppleWebKit/537.36 (KHTML, like Gecko) Chrome/97.0.4692.99 Safari/537.36 Edg/97.0.1072.69"
::1 - - [25/Jan/2022:01:40:02 +0000] "GET /log/static/js/main.ec82a816.js HTTP/1.1" 304 - "http://localhost/log/index.html" "Mozilla/5.0 (Windows NT 10.0; Win64; x64) AppleWebKit/537.36 (KHTML, like Gecko) Chrome/97.0.4692.99 Safari/537.36 Edg/97.0.1072.69"
::1 - - [25/Jan/2022:01:40:02 +0000] "GET /log/static/css/main.073c9b0a.css HTTP/1.1" 304 - "http://localhost/log/index.html" "Mozilla/5.0 (Windows NT 10.0; Win64; x64) AppleWebKit/537.36 (KHTML, like Gecko) Chrome/97.0.4692.99 Safari/537.36 Edg/97.0.1072.69"
::1 - - [25/Jan/2022:01:40:02 +0000] "GET /log/manifest.json HTTP/1.1" 304 - "http://localhost/log/index.html" "Mozilla/5.0 (Windows NT 10.0; Win64; x64) AppleWebKit/537.36 (KHTML, like Gecko) Chrome/97.0.4692.99 Safari/537.36 Edg/97.0.1072.69"
::1 - - [25/Jan/2022:01:40:02 +0000] "GET /log/favicon.ico HTTP/1.1" 304 - "http://localhost/log/index.html" "Mozilla/5.0 (Windows NT 10.0; Win64; x64) AppleWebKit/537.36 (KHTML, like Gecko) Chrome/97.0.4692.99 Safari/537.36 Edg/97.0.1072.69"
::1 - - [25/Jan/2022:01:40:02 +0000] "GET /log/logo192.png HTTP/1.1" 304 - "http://localhost/log/index.html" "Mozilla/5.0 (Windows NT 10.0; Win64; x64) AppleWebKit/537.36 (KHTML, like Gecko) Chrome/97.0.4692.99 Safari/537.36 Edg/97.0.1072.69"
::1 - - [25/Jan/2022:01:40:02 +0000] "GET /log/index.html HTTP/1.1" 304 - "-" "Mozilla/5.0 (Windows NT 10.0; Win64; x64) AppleWebKit/537.36 (KHTML, like Gecko) Chrome/97.0.4692.99 Safari/537.36 Edg/97.0.1072.69"
::1 - - [25/Jan/2022:01:40:02 +0000] "GET /log/static/js/main.ec82a816.js HTTP/1.1" 304 - "http://localhost/log/index.html" "Mozilla/5.0 (Windows NT 10.0; Win64; x64) AppleWebKit/537.36 (KHTML, like Gecko) Chrome/97.0.4692.99 Safari/537.36 Edg/97.0.1072.69"
::1 - - [25/Jan/2022:01:40:02 +0000] "GET /log/static/css/main.073c9b0a.css HTTP/1.1" 304 - "http://localhost/log/index.html" "Mozilla/5.0 (Windows NT 10.0; Win64; x64) AppleWebKit/537.36 (KHTML, like Gecko) Chrome/97.0.4692.99 Safari/537.36 Edg/97.0.1072.69"
::1 - - [25/Jan/2022:01:40:02 +0000] "GET /log/manifest.json HTTP/1.1" 304 - "http://localhost/log/index.html" "Mozilla/5.0 (Windows NT 10.0; Win64; x64) AppleWebKit/537.36 (KHTML, like Gecko) Chrome/97.0.4692.99 Safari/537.36 Edg/97.0.1072.69"
::1 - - [25/Jan/2022:01:40:02 +0000] "GET /log/favicon.ico HTTP/1.1" 304 - "http://localhost/log/index.html" "Mozilla/5.0 (Windows NT 10.0; Win64; x64) AppleWebKit/537.36 (KHTML, like Gecko) Chrome/97.0.4692.99 Safari/537.36 Edg/97.0.1072.69"
::1 - - [25/Jan/2022:01:40:02 +0000] "GET /log/logo192.png HTTP/1.1" 304 - "http://localhost/log/index.html" "Mozilla/5.0 (Windows NT 10.0; Win64; x64) AppleWebKit/537.36 (KHTML, like Gecko) Chrome/97.0.4692.99 Safari/537.36 Edg/97.0.1072.69"
::1 - - [25/Jan/2022:01:41:05 +0000] "GET /log/index.html HTTP/1.1" 304 - "-" "Mozilla/5.0 (Windows NT 10.0; Win64; x64) AppleWebKit/537.36 (KHTML, like Gecko) Chrome/97.0.4692.99 Safari/537.36 Edg/97.0.1072.69"
::1 - - [25/Jan/2022:01:41:05 +0000] "GET /log/static/js/main.ec82a816.js HTTP/1.1" 304 - "http://localhost/log/index.html" "Mozilla/5.0 (Windows NT 10.0; Win64; x64) AppleWebKit/537.36 (KHTML, like Gecko) Chrome/97.0.4692.99 Safari/537.36 Edg/97.0.1072.69"
::1 - - [25/Jan/2022:01:41:05 +0000] "GET /log/static/css/main.073c9b0a.css HTTP/1.1" 304 - "http://localhost/log/index.html" "Mozilla/5.0 (Windows NT 10.0; Win64; x64) AppleWebKit/537.36 (KHTML, like Gecko) Chrome/97.0.4692.99 Safari/537.36 Edg/97.0.1072.69"
::1 - - [25/Jan/2022:01:41:05 +0000] "GET /log/favicon.ico HTTP/1.1" 304 - "http://localhost/log/index.html" "Mozilla/5.0 (Windows NT 10.0; Win64; x64) AppleWebKit/537.36 (KHTML, like Gecko) Chrome/97.0.4692.99 Safari/537.36 Edg/97.0.1072.69"
::1 - - [25/Jan/2022:01:41:05 +0000] "GET /log/manifest.json HTTP/1.1" 304 - "http://localhost/log/index.html" "Mozilla/5.0 (Windows NT 10.0; Win64; x64) AppleWebKit/537.36 (KHTML, like Gecko) Chrome/97.0.4692.99 Safari/537.36 Edg/97.0.1072.69"
::1 - - [25/Jan/2022:01:41:05 +0000] "GET /log/logo192.png HTTP/1.1" 304 - "http://localhost/log/index.html" "Mozilla/5.0 (Windows NT 10.0; Win64; x64) AppleWebKit/537.36 (KHTML, like Gecko) Chrome/97.0.4692.99 Safari/537.36 Edg/97.0.1072.69"
::1 - - [25/Jan/2022:01:41:05 +0000] "GET /log/index.html HTTP/1.1" 304 - "-" "Mozilla/5.0 (Windows NT 10.0; Win64; x64) AppleWebKit/537.36 (KHTML, like Gecko) Chrome/97.0.4692.99 Safari/537.36 Edg/97.0.1072.69"
::1 - - [25/Jan/2022:01:41:05 +0000] "GET /log/static/js/main.ec82a816.js HTTP/1.1" 304 - "http://localhost/log/index.html" "Mozilla/5.0 (Windows NT 10.0; Win64; x64) AppleWebKit/537.36 (KHTML, like Gecko) Chrome/97.0.4692.99 Safari/537.36 Edg/97.0.1072.69"
::1 - - [25/Jan/2022:01:41:05 +0000] "GET /log/static/css/main.073c9b0a.css HTTP/1.1" 304 - "http://localhost/log/index.html" "Mozilla/5.0 (Windows NT 10.0; Win64; x64) AppleWebKit/537.36 (KHTML, like Gecko) Chrome/97.0.4692.99 Safari/537.36 Edg/97.0.1072.69"
::1 - - [25/Jan/2022:01:41:05 +0000] "GET /log/manifest.json HTTP/1.1" 304 - "http://localhost/log/index.html" "Mozilla/5.0 (Windows NT 10.0; Win64; x64) AppleWebKit/537.36 (KHTML, like Gecko) Chrome/97.0.4692.99 Safari/537.36 Edg/97.0.1072.69"
::1 - - [25/Jan/2022:01:41:05 +0000] "GET /log/favicon.ico HTTP/1.1" 304 - "http://localhost/log/index.html" "Mozilla/5.0 (Windows NT 10.0; Win64; x64) AppleWebKit/537.36 (KHTML, like Gecko) Chrome/97.0.4692.99 Safari/537.36 Edg/97.0.1072.69"
::1 - - [25/Jan/2022:01:41:05 +0000] "GET /log/logo192.png HTTP/1.1" 304 - "http://localhost/log/index.html" "Mozilla/5.0 (Windows NT 10.0; Win64; x64) AppleWebKit/537.36 (KHTML, like Gecko) Chrome/97.0.4692.99 Safari/537.36 Edg/97.0.1072.69"
::1 - - [25/Jan/2022:01:41:06 +0000] "GET /log/index.html HTTP/1.1" 304 - "-" "Mozilla/5.0 (Windows NT 10.0; Win64; x64) AppleWebKit/537.36 (KHTML, like Gecko) Chrome/97.0.4692.99 Safari/537.36 Edg/97.0.1072.69"
::1 - - [25/Jan/2022:01:41:06 +0000] "GET /log/static/js/main.ec82a816.js HTTP/1.1" 304 - "http://localhost/log/index.html" "Mozilla/5.0 (Windows NT 10.0; Win64; x64) AppleWebKit/537.36 (KHTML, like Gecko) Chrome/97.0.4692.99 Safari/537.36 Edg/97.0.1072.69"
::1 - - [25/Jan/2022:01:41:06 +0000] "GET /log/static/css/main.073c9b0a.css HTTP/1.1" 304 - "http://localhost/log/index.html" "Mozilla/5.0 (Windows NT 10.0; Win64; x64) AppleWebKit/537.36 (KHTML, like Gecko) Chrome/97.0.4692.99 Safari/537.36 Edg/97.0.1072.69"
::1 - - [25/Jan/2022:01:41:06 +0000] "GET /log/favicon.ico HTTP/1.1" 304 - "http://localhost/log/index.html" "Mozilla/5.0 (Windows NT 10.0; Win64; x64) AppleWebKit/537.36 (KHTML, like Gecko) Chrome/97.0.4692.99 Safari/537.36 Edg/97.0.1072.69"
::1 - - [25/Jan/2022:01:41:06 +0000] "GET /log/manifest.json HTTP/1.1" 304 - "http://localhost/log/index.html" "Mozilla/5.0 (Windows NT 10.0; Win64; x64) AppleWebKit/537.36 (KHTML, like Gecko) Chrome/97.0.4692.99 Safari/537.36 Edg/97.0.1072.69"
::1 - - [25/Jan/2022:01:41:06 +0000] "GET /log/logo192.png HTTP/1.1" 304 - "http://localhost/log/index.html" "Mozilla/5.0 (Windows NT 10.0; Win64; x64) AppleWebKit/537.36 (KHTML, like Gecko) Chrome/97.0.4692.99 Safari/537.36 Edg/97.0.1072.69"
::1 - - [25/Jan/2022:01:41:06 +0000] "GET /log/index.html HTTP/1.1" 304 - "-" "Mozilla/5.0 (Windows NT 10.0; Win64; x64) AppleWebKit/537.36 (KHTML, like Gecko) Chrome/97.0.4692.99 Safari/537.36 Edg/97.0.1072.69"
::1 - - [25/Jan/2022:01:41:06 +0000] "GET /log/static/js/main.ec82a816.js HTTP/1.1" 304 - "http://localhost/log/index.html" "Mozilla/5.0 (Windows NT 10.0; Win64; x64) AppleWebKit/537.36 (KHTML, like Gecko) Chrome/97.0.4692.99 Safari/537.36 Edg/97.0.1072.69"
::1 - - [25/Jan/2022:01:41:06 +0000] "GET /log/static/css/main.073c9b0a.css HTTP/1.1" 304 - "http://localhost/log/index.html" "Mozilla/5.0 (Windows NT 10.0; Win64; x64) AppleWebKit/537.36 (KHTML, like Gecko) Chrome/97.0.4692.99 Safari/537.36 Edg/97.0.1072.69"
::1 - - [25/Jan/2022:01:41:06 +0000] "GET /log/manifest.json HTTP/1.1" 304 - "http://localhost/log/index.html" "Mozilla/5.0 (Windows NT 10.0; Win64; x64) AppleWebKit/537.36 (KHTML, like Gecko) Chrome/97.0.4692.99 Safari/537.36 Edg/97.0.1072.69"
::1 - - [25/Jan/2022:01:41:06 +0000] "GET /log/favicon.ico HTTP/1.1" 304 - "http://localhost/log/index.html" "Mozilla/5.0 (Windows NT 10.0; Win64; x64) AppleWebKit/537.36 (KHTML, like Gecko) Chrome/97.0.4692.99 Safari/537.36 Edg/97.0.1072.69"
::1 - - [25/Jan/2022:01:41:06 +0000] "GET /log/logo192.png HTTP/1.1" 304 - "http://localhost/log/index.html" "Mozilla/5.0 (Windows NT 10.0; Win64; x64) AppleWebKit/537.36 (KHTML, like Gecko) Chrome/97.0.4692.99 Safari/537.36 Edg/97.0.1072.69"
::1 - - [25/Jan/2022:01:41:06 +0000] "GET /log/index.html HTTP/1.1" 304 - "-" "Mozilla/5.0 (Windows NT 10.0; Win64; x64) AppleWebKit/537.36 (KHTML, like Gecko) Chrome/97.0.4692.99 Safari/537.36 Edg/97.0.1072.69"
::1 - - [25/Jan/2022:01:41:06 +0000] "GET /log/static/js/main.ec82a816.js HTTP/1.1" 304 - "http://localhost/log/index.html" "Mozilla/5.0 (Windows NT 10.0; Win64; x64) AppleWebKit/537.36 (KHTML, like Gecko) Chrome/97.0.4692.99 Safari/537.36 Edg/97.0.1072.69"
::1 - - [25/Jan/2022:01:41:06 +0000] "GET /log/static/css/main.073c9b0a.css HTTP/1.1" 304 - "http://localhost/log/index.html" "Mozilla/5.0 (Windows NT 10.0; Win64; x64) AppleWebKit/537.36 (KHTML, like Gecko) Chrome/97.0.4692.99 Safari/537.36 Edg/97.0.1072.69"
::1 - - [25/Jan/2022:01:41:06 +0000] "GET /log/favicon.ico HTTP/1.1" 304 - "http://localhost/log/index.html" "Mozilla/5.0 (Windows NT 10.0; Win64; x64) AppleWebKit/537.36 (KHTML, like Gecko) Chrome/97.0.4692.99 Safari/537.36 Edg/97.0.1072.69"
::1 - - [25/Jan/2022:01:41:06 +0000] "GET /log/manifest.json HTTP/1.1" 304 - "http://localhost/log/index.html" "Mozilla/5.0 (Windows NT 10.0; Win64; x64) AppleWebKit/537.36 (KHTML, like Gecko) Chrome/97.0.4692.99 Safari/537.36 Edg/97.0.1072.69"
::1 - - [25/Jan/2022:01:41:06 +0000] "GET /log/logo192.png HTTP/1.1" 304 - "http://localhost/log/index.html" "Mozilla/5.0 (Windows NT 10.0; Win64; x64) AppleWebKit/537.36 (KHTML, like Gecko) Chrome/97.0.4692.99 Safari/537.36 Edg/97.0.1072.69"
::1 - - [25/Jan/2022:01:41:18 +0000] "GET /log/index.html HTTP/1.1" 304 - "-" "Mozilla/5.0 (Windows NT 10.0; Win64; x64) AppleWebKit/537.36 (KHTML, like Gecko) Chrome/97.0.4692.99 Safari/537.36 Edg/97.0.1072.69"
::1 - - [25/Jan/2022:01:41:18 +0000] "GET /log/static/js/main.ec82a816.js HTTP/1.1" 304 - "http://localhost/log/index.html" "Mozilla/5.0 (Windows NT 10.0; Win64; x64) AppleWebKit/537.36 (KHTML, like Gecko) Chrome/97.0.4692.99 Safari/537.36 Edg/97.0.1072.69"
::1 - - [25/Jan/2022:01:41:18 +0000] "GET /log/static/css/main.073c9b0a.css HTTP/1.1" 304 - "http://localhost/log/index.html" "Mozilla/5.0 (Windows NT 10.0; Win64; x64) AppleWebKit/537.36 (KHTML, like Gecko) Chrome/97.0.4692.99 Safari/537.36 Edg/97.0.1072.69"
::1 - - [25/Jan/2022:01:41:18 +0000] "GET /log/manifest.json HTTP/1.1" 304 - "http://localhost/log/index.html" "Mozilla/5.0 (Windows NT 10.0; Win64; x64) AppleWebKit/537.36 (KHTML, like Gecko) Chrome/97.0.4692.99 Safari/537.36 Edg/97.0.1072.69"
::1 - - [25/Jan/2022:01:41:18 +0000] "GET /log/favicon.ico HTTP/1.1" 304 - "http://localhost/log/index.html" "Mozilla/5.0 (Windows NT 10.0; Win64; x64) AppleWebKit/537.36 (KHTML, like Gecko) Chrome/97.0.4692.99 Safari/537.36 Edg/97.0.1072.69"
::1 - - [25/Jan/2022:01:41:18 +0000] "GET /log/logo192.png HTTP/1.1" 304 - "http://localhost/log/index.html" "Mozilla/5.0 (Windows NT 10.0; Win64; x64) AppleWebKit/537.36 (KHTML, like Gecko) Chrome/97.0.4692.99 Safari/537.36 Edg/97.0.1072.69"
::1 - - [25/Jan/2022:01:41:19 +0000] "GET /log/index.html HTTP/1.1" 304 - "-" "Mozilla/5.0 (Windows NT 10.0; Win64; x64) AppleWebKit/537.36 (KHTML, like Gecko) Chrome/97.0.4692.99 Safari/537.36 Edg/97.0.1072.69"
::1 - - [25/Jan/2022:01:41:19 +0000] "GET /log/static/js/main.ec82a816.js HTTP/1.1" 304 - "http://localhost/log/index.html" "Mozilla/5.0 (Windows NT 10.0; Win64; x64) AppleWebKit/537.36 (KHTML, like Gecko) Chrome/97.0.4692.99 Safari/537.36 Edg/97.0.1072.69"
::1 - - [25/Jan/2022:01:41:19 +0000] "GET /log/static/css/main.073c9b0a.css HTTP/1.1" 304 - "http://localhost/log/index.html" "Mozilla/5.0 (Windows NT 10.0; Win64; x64) AppleWebKit/537.36 (KHTML, like Gecko) Chrome/97.0.4692.99 Safari/537.36 Edg/97.0.1072.69"
::1 - - [25/Jan/2022:01:41:19 +0000] "GET /log/manifest.json HTTP/1.1" 304 - "http://localhost/log/index.html" "Mozilla/5.0 (Windows NT 10.0; Win64; x64) AppleWebKit/537.36 (KHTML, like Gecko) Chrome/97.0.4692.99 Safari/537.36 Edg/97.0.1072.69"
::1 - - [25/Jan/2022:01:41:19 +0000] "GET /log/favicon.ico HTTP/1.1" 304 - "http://localhost/log/index.html" "Mozilla/5.0 (Windows NT 10.0; Win64; x64) AppleWebKit/537.36 (KHTML, like Gecko) Chrome/97.0.4692.99 Safari/537.36 Edg/97.0.1072.69"
::1 - - [25/Jan/2022:01:41:19 +0000] "GET /log/logo192.png HTTP/1.1" 304 - "http://localhost/log/index.html" "Mozilla/5.0 (Windows NT 10.0; Win64; x64) AppleWebKit/537.36 (KHTML, like Gecko) Chrome/97.0.4692.99 Safari/537.36 Edg/97.0.1072.69"
::1 - - [25/Jan/2022:01:41:19 +0000] "GET /log/index.html HTTP/1.1" 304 - "-" "Mozilla/5.0 (Windows NT 10.0; Win64; x64) AppleWebKit/537.36 (KHTML, like Gecko) Chrome/97.0.4692.99 Safari/537.36 Edg/97.0.1072.69"
::1 - - [25/Jan/2022:01:41:19 +0000] "GET /log/static/js/main.ec82a816.js HTTP/1.1" 304 - "http://localhost/log/index.html" "Mozilla/5.0 (Windows NT 10.0; Win64; x64) AppleWebKit/537.36 (KHTML, like Gecko) Chrome/97.0.4692.99 Safari/537.36 Edg/97.0.1072.69"
::1 - - [25/Jan/2022:01:41:19 +0000] "GET /log/static/css/main.073c9b0a.css HTTP/1.1" 304 - "http://localhost/log/index.html" "Mozilla/5.0 (Windows NT 10.0; Win64; x64) AppleWebKit/537.36 (KHTML, like Gecko) Chrome/97.0.4692.99 Safari/537.36 Edg/97.0.1072.69"
::1 - - [25/Jan/2022:01:41:19 +0000] "GET /log/manifest.json HTTP/1.1" 304 - "http://localhost/log/index.html" "Mozilla/5.0 (Windows NT 10.0; Win64; x64) AppleWebKit/537.36 (KHTML, like Gecko) Chrome/97.0.4692.99 Safari/537.36 Edg/97.0.1072.69"
::1 - - [25/Jan/2022:01:41:19 +0000] "GET /log/favicon.ico HTTP/1.1" 304 - "http://localhost/log/index.html" "Mozilla/5.0 (Windows NT 10.0; Win64; x64) AppleWebKit/537.36 (KHTML, like Gecko) Chrome/97.0.4692.99 Safari/537.36 Edg/97.0.1072.69"
::1 - - [25/Jan/2022:01:41:19 +0000] "GET /log/logo192.png HTTP/1.1" 304 - "http://localhost/log/index.html" "Mozilla/5.0 (Windows NT 10.0; Win64; x64) AppleWebKit/537.36 (KHTML, like Gecko) Chrome/97.0.4692.99 Safari/537.36 Edg/97.0.1072.69"
::1 - - [25/Jan/2022:01:41:59 +0000] "GET /log/static/css/main.073c9b0a.css HTTP/1.1" 304 - "http://localhost/log/index.html" "Mozilla/5.0 (Windows NT 10.0; Win64; x64) AppleWebKit/537.36 (KHTML, like Gecko) Chrome/97.0.4692.99 Safari/537.36 Edg/97.0.1072.69"
::1 - - [25/Jan/2022:01:41:59 +0000] "GET /log/manifest.json HTTP/1.1" 304 - "http://localhost/log/index.html" "Mozilla/5.0 (Windows NT 10.0; Win64; x64) AppleWebKit/537.36 (KHTML, like Gecko) Chrome/97.0.4692.99 Safari/537.36 Edg/97.0.1072.69"
::1 - - [25/Jan/2022:01:41:59 +0000] "GET /log/static/css/main.073c9b0a.css.map HTTP/1.1" 200 1535 "-" "Mozilla/5.0 (Windows NT 10.0; Win64; x64) AppleWebKit/537.36 (KHTML, like Gecko) Chrome/97.0.4692.99 Safari/537.36 Edg/97.0.1072.69"
::1 - - [25/Jan/2022:01:41:59 +0000] "GET /log/static/js/main.ec82a816.js.map HTTP/1.1" 200 702280 "-" "Mozilla/5.0 (Windows NT 10.0; Win64; x64) AppleWebKit/537.36 (KHTML, like Gecko) Chrome/97.0.4692.99 Safari/537.36 Edg/97.0.1072.69"
::1 - - [25/Jan/2022:01:42:00 +0000] "GET /log/index.html HTTP/1.1" 304 - "-" "Mozilla/5.0 (Windows NT 10.0; Win64; x64) AppleWebKit/537.36 (KHTML, like Gecko) Chrome/97.0.4692.99 Safari/537.36 Edg/97.0.1072.69"
::1 - - [25/Jan/2022:01:42:00 +0000] "GET /log/static/css/main.073c9b0a.css HTTP/1.1" 304 - "http://localhost/log/index.html" "Mozilla/5.0 (Windows NT 10.0; Win64; x64) AppleWebKit/537.36 (KHTML, like Gecko) Chrome/97.0.4692.99 Safari/537.36 Edg/97.0.1072.69"
::1 - - [25/Jan/2022:01:42:00 +0000] "GET /log/static/js/main.ec82a816.js HTTP/1.1" 304 - "http://localhost/log/index.html" "Mozilla/5.0 (Windows NT 10.0; Win64; x64) AppleWebKit/537.36 (KHTML, like Gecko) Chrome/97.0.4692.99 Safari/537.36 Edg/97.0.1072.69"
::1 - - [25/Jan/2022:01:42:00 +0000] "GET /log/static/css/main.073c9b0a.css.map HTTP/1.1" 200 1535 "-" "Mozilla/5.0 (Windows NT 10.0; Win64; x64) AppleWebKit/537.36 (KHTML, like Gecko) Chrome/97.0.4692.99 Safari/537.36 Edg/97.0.1072.69"
::1 - - [25/Jan/2022:01:42:00 +0000] "GET /log/manifest.json HTTP/1.1" 304 - "http://localhost/log/index.html" "Mozilla/5.0 (Windows NT 10.0; Win64; x64) AppleWebKit/537.36 (KHTML, like Gecko) Chrome/97.0.4692.99 Safari/537.36 Edg/97.0.1072.69"
::1 - - [25/Jan/2022:01:42:00 +0000] "GET /log/favicon.ico HTTP/1.1" 304 - "http://localhost/log/index.html" "Mozilla/5.0 (Windows NT 10.0; Win64; x64) AppleWebKit/537.36 (KHTML, like Gecko) Chrome/97.0.4692.99 Safari/537.36 Edg/97.0.1072.69"
::1 - - [25/Jan/2022:01:42:00 +0000] "GET /log/logo192.png HTTP/1.1" 304 - "http://localhost/log/index.html" "Mozilla/5.0 (Windows NT 10.0; Win64; x64) AppleWebKit/537.36 (KHTML, like Gecko) Chrome/97.0.4692.99 Safari/537.36 Edg/97.0.1072.69"
::1 - - [25/Jan/2022:01:42:00 +0000] "GET /log/static/js/main.ec82a816.js.map HTTP/1.1" 200 702280 "-" "Mozilla/5.0 (Windows NT 10.0; Win64; x64) AppleWebKit/537.36 (KHTML, like Gecko) Chrome/97.0.4692.99 Safari/537.36 Edg/97.0.1072.69"
::1 - - [25/Jan/2022:01:43:27 +0000] "GET /log/index.html HTTP/1.1" 200 664 "-" "Mozilla/5.0 (Windows NT 10.0; Win64; x64) AppleWebKit/537.36 (KHTML, like Gecko) Chrome/97.0.4692.99 Safari/537.36 Edg/97.0.1072.69"
::1 - - [25/Jan/2022:01:43:27 +0000] "GET /log/static/css/main.073c9b0a.css HTTP/1.1" 200 1044 "http://localhost/log/index.html" "Mozilla/5.0 (Windows NT 10.0; Win64; x64) AppleWebKit/537.36 (KHTML, like Gecko) Chrome/97.0.4692.99 Safari/537.36 Edg/97.0.1072.69"
::1 - - [25/Jan/2022:01:43:27 +0000] "GET /log/static/css/main.073c9b0a.css.map HTTP/1.1" 200 1535 "-" "Mozilla/5.0 (Windows NT 10.0; Win64; x64) AppleWebKit/537.36 (KHTML, like Gecko) Chrome/97.0.4692.99 Safari/537.36 Edg/97.0.1072.69"
::1 - - [25/Jan/2022:01:43:27 +0000] "GET /log/static/js/main.383e3976.js HTTP/1.1" 200 224522 "http://localhost/log/index.html" "Mozilla/5.0 (Windows NT 10.0; Win64; x64) AppleWebKit/537.36 (KHTML, like Gecko) Chrome/97.0.4692.99 Safari/537.36 Edg/97.0.1072.69"
::1 - - [25/Jan/2022:01:43:28 +0000] "GET /log/favicon.ico HTTP/1.1" 304 - "http://localhost/log/index.html" "Mozilla/5.0 (Windows NT 10.0; Win64; x64) AppleWebKit/537.36 (KHTML, like Gecko) Chrome/97.0.4692.99 Safari/537.36 Edg/97.0.1072.69"
::1 - - [25/Jan/2022:01:43:28 +0000] "GET /log/manifest.json HTTP/1.1" 304 - "http://localhost/log/index.html" "Mozilla/5.0 (Windows NT 10.0; Win64; x64) AppleWebKit/537.36 (KHTML, like Gecko) Chrome/97.0.4692.99 Safari/537.36 Edg/97.0.1072.69"
::1 - - [25/Jan/2022:01:43:28 +0000] "GET /log/static/js/main.383e3976.js.map HTTP/1.1" 200 702279 "-" "Mozilla/5.0 (Windows NT 10.0; Win64; x64) AppleWebKit/537.36 (KHTML, like Gecko) Chrome/97.0.4692.99 Safari/537.36 Edg/97.0.1072.69"
::1 - - [25/Jan/2022:01:43:28 +0000] "GET /log/logo192.png HTTP/1.1" 304 - "http://localhost/log/index.html" "Mozilla/5.0 (Windows NT 10.0; Win64; x64) AppleWebKit/537.36 (KHTML, like Gecko) Chrome/97.0.4692.99 Safari/537.36 Edg/97.0.1072.69"
::1 - - [25/Jan/2022:01:44:17 +0000] "GET /log/index.html HTTP/1.1" 304 - "-" "Mozilla/5.0 (Windows NT 10.0; Win64; x64) AppleWebKit/537.36 (KHTML, like Gecko) Chrome/97.0.4692.99 Safari/537.36 Edg/97.0.1072.69"
::1 - - [25/Jan/2022:01:44:17 +0000] "GET /log/static/js/main.383e3976.js HTTP/1.1" 304 - "http://localhost/log/index.html" "Mozilla/5.0 (Windows NT 10.0; Win64; x64) AppleWebKit/537.36 (KHTML, like Gecko) Chrome/97.0.4692.99 Safari/537.36 Edg/97.0.1072.69"
::ffff:127.0.0.1 - - [25/Jan/2022:01:44:17 +0000] "GET /log/static/css/main.073c9b0a.css HTTP/1.1" 304 - "http://localhost/log/index.html" "Mozilla/5.0 (Windows NT 10.0; Win64; x64) AppleWebKit/537.36 (KHTML, like Gecko) Chrome/97.0.4692.99 Safari/537.36 Edg/97.0.1072.69"
::1 - - [25/Jan/2022:01:44:17 +0000] "GET /log/manifest.json HTTP/1.1" 304 - "http://localhost/log/index.html" "Mozilla/5.0 (Windows NT 10.0; Win64; x64) AppleWebKit/537.36 (KHTML, like Gecko) Chrome/97.0.4692.99 Safari/537.36 Edg/97.0.1072.69"
::1 - - [25/Jan/2022:01:44:17 +0000] "GET /log/static/css/main.073c9b0a.css.map HTTP/1.1" 200 1535 "-" "Mozilla/5.0 (Windows NT 10.0; Win64; x64) AppleWebKit/537.36 (KHTML, like Gecko) Chrome/97.0.4692.99 Safari/537.36 Edg/97.0.1072.69"
::ffff:127.0.0.1 - - [25/Jan/2022:01:44:17 +0000] "GET /log/favicon.ico HTTP/1.1" 304 - "http://localhost/log/index.html" "Mozilla/5.0 (Windows NT 10.0; Win64; x64) AppleWebKit/537.36 (KHTML, like Gecko) Chrome/97.0.4692.99 Safari/537.36 Edg/97.0.1072.69"
::1 - - [25/Jan/2022:01:45:23 +0000] "GET /log/index.html HTTP/1.1" 304 - "-" "Mozilla/5.0 (Windows NT 10.0; Win64; x64) AppleWebKit/537.36 (KHTML, like Gecko) Chrome/97.0.4692.99 Safari/537.36 Edg/97.0.1072.69"
::1 - - [25/Jan/2022:01:45:23 +0000] "GET /log/static/js/main.383e3976.js HTTP/1.1" 304 - "http://localhost/log/index.html" "Mozilla/5.0 (Windows NT 10.0; Win64; x64) AppleWebKit/537.36 (KHTML, like Gecko) Chrome/97.0.4692.99 Safari/537.36 Edg/97.0.1072.69"
::1 - - [25/Jan/2022:01:45:23 +0000] "GET /log/static/css/main.073c9b0a.css HTTP/1.1" 304 - "http://localhost/log/index.html" "Mozilla/5.0 (Windows NT 10.0; Win64; x64) AppleWebKit/537.36 (KHTML, like Gecko) Chrome/97.0.4692.99 Safari/537.36 Edg/97.0.1072.69"
::1 - - [25/Jan/2022:01:45:23 +0000] "GET /log/static/js/main.383e3976.js.map HTTP/1.1" 200 702279 "-" "Mozilla/5.0 (Windows NT 10.0; Win64; x64) AppleWebKit/537.36 (KHTML, like Gecko) Chrome/97.0.4692.99 Safari/537.36 Edg/97.0.1072.69"
::1 - - [25/Jan/2022:01:45:23 +0000] "GET /log/static/css/main.073c9b0a.css.map HTTP/1.1" 200 1535 "-" "Mozilla/5.0 (Windows NT 10.0; Win64; x64) AppleWebKit/537.36 (KHTML, like Gecko) Chrome/97.0.4692.99 Safari/537.36 Edg/97.0.1072.69"
::1 - - [25/Jan/2022:01:45:23 +0000] "GET /log/manifest.json HTTP/1.1" 304 - "http://localhost/log/index.html" "Mozilla/5.0 (Windows NT 10.0; Win64; x64) AppleWebKit/537.36 (KHTML, like Gecko) Chrome/97.0.4692.99 Safari/537.36 Edg/97.0.1072.69"
::1 - - [25/Jan/2022:01:45:23 +0000] "GET /log/favicon.ico HTTP/1.1" 304 - "http://localhost/log/index.html" "Mozilla/5.0 (Windows NT 10.0; Win64; x64) AppleWebKit/537.36 (KHTML, like Gecko) Chrome/97.0.4692.99 Safari/537.36 Edg/97.0.1072.69"
::1 - - [25/Jan/2022:01:45:23 +0000] "GET /log/logo192.png HTTP/1.1" 304 - "http://localhost/log/index.html" "Mozilla/5.0 (Windows NT 10.0; Win64; x64) AppleWebKit/537.36 (KHTML, like Gecko) Chrome/97.0.4692.99 Safari/537.36 Edg/97.0.1072.69"
